{"D:\\FPT_Uni\\Semester9\\study-ticket-flow\\src\\components\\AIAutoComplete.tsx": {"path":"D:\\FPT_Uni\\Semester9\\study-ticket-flow\\src\\components\\AIAutoComplete.tsx","statementMap":{"0":{"start":{"line":40,"column":30},"end":{"line":375,"column":null}},"1":{"start":{"line":48,"column":36},"end":{"line":48,"column":null}},"2":{"start":{"line":49,"column":32},"end":{"line":49,"column":null}},"3":{"start":{"line":50,"column":44},"end":{"line":50,"column":null}},"4":{"start":{"line":51,"column":40},"end":{"line":51,"column":null}},"5":{"start":{"line":52,"column":8},"end":{"line":52,"column":null}},"6":{"start":{"line":53,"column":8},"end":{"line":53,"column":null}},"7":{"start":{"line":56,"column":8},"end":{"line":75,"column":null}},"8":{"start":{"line":57,"column":4},"end":{"line":60,"column":null}},"9":{"start":{"line":58,"column":6},"end":{"line":58,"column":null}},"10":{"start":{"line":59,"column":6},"end":{"line":59,"column":null}},"11":{"start":{"line":62,"column":4},"end":{"line":62,"column":null}},"12":{"start":{"line":63,"column":4},"end":{"line":74,"column":null}},"13":{"start":{"line":65,"column":6},"end":{"line":65,"column":null}},"14":{"start":{"line":65,"column":35},"end":{"line":65,"column":60}},"15":{"start":{"line":67,"column":46},"end":{"line":67,"column":null}},"16":{"start":{"line":68,"column":6},"end":{"line":68,"column":null}},"17":{"start":{"line":69,"column":6},"end":{"line":69,"column":null}},"18":{"start":{"line":71,"column":6},"end":{"line":71,"column":null}},"19":{"start":{"line":73,"column":6},"end":{"line":73,"column":null}},"20":{"start":{"line":78,"column":34},"end":{"line":174,"column":null}},"21":{"start":{"line":79,"column":40},"end":{"line":79,"column":null}},"22":{"start":{"line":80,"column":23},"end":{"line":80,"column":null}},"23":{"start":{"line":83,"column":4},"end":{"line":116,"column":null}},"24":{"start":{"line":84,"column":6},"end":{"line":93,"column":null}},"25":{"start":{"line":85,"column":8},"end":{"line":92,"column":null}},"26":{"start":{"line":95,"column":6},"end":{"line":104,"column":null}},"27":{"start":{"line":96,"column":8},"end":{"line":103,"column":null}},"28":{"start":{"line":106,"column":6},"end":{"line":115,"column":null}},"29":{"start":{"line":107,"column":8},"end":{"line":114,"column":null}},"30":{"start":{"line":119,"column":4},"end":{"line":171,"column":null}},"31":{"start":{"line":120,"column":6},"end":{"line":145,"column":null}},"32":{"start":{"line":121,"column":8},"end":{"line":144,"column":null}},"33":{"start":{"line":147,"column":6},"end":{"line":170,"column":null}},"34":{"start":{"line":148,"column":8},"end":{"line":169,"column":null}},"35":{"start":{"line":173,"column":4},"end":{"line":173,"column":null}},"36":{"start":{"line":177,"column":28},"end":{"line":195,"column":null}},"37":{"start":{"line":178,"column":21},"end":{"line":178,"column":null}},"38":{"start":{"line":179,"column":4},"end":{"line":179,"column":null}},"39":{"start":{"line":182,"column":4},"end":{"line":184,"column":null}},"40":{"start":{"line":183,"column":6},"end":{"line":183,"column":null}},"41":{"start":{"line":187,"column":4},"end":{"line":194,"column":null}},"42":{"start":{"line":188,"column":6},"end":{"line":190,"column":null}},"43":{"start":{"line":189,"column":8},"end":{"line":189,"column":null}},"44":{"start":{"line":192,"column":6},"end":{"line":192,"column":null}},"45":{"start":{"line":193,"column":6},"end":{"line":193,"column":null}},"46":{"start":{"line":198,"column":33},"end":{"line":202,"column":null}},"47":{"start":{"line":199,"column":4},"end":{"line":199,"column":null}},"48":{"start":{"line":200,"column":4},"end":{"line":200,"column":null}},"49":{"start":{"line":201,"column":4},"end":{"line":201,"column":null}},"50":{"start":{"line":205,"column":24},"end":{"line":227,"column":null}},"51":{"start":{"line":206,"column":4},"end":{"line":206,"column":null}},"52":{"start":{"line":206,"column":54},"end":{"line":206,"column":null}},"53":{"start":{"line":208,"column":4},"end":{"line":226,"column":null}},"54":{"start":{"line":210,"column":8},"end":{"line":210,"column":null}},"55":{"start":{"line":211,"column":8},"end":{"line":211,"column":null}},"56":{"start":{"line":211,"column":25},"end":{"line":211,"column":64}},"57":{"start":{"line":212,"column":8},"end":{"line":212,"column":null}},"58":{"start":{"line":214,"column":8},"end":{"line":214,"column":null}},"59":{"start":{"line":215,"column":8},"end":{"line":215,"column":null}},"60":{"start":{"line":215,"column":25},"end":{"line":215,"column":85}},"61":{"start":{"line":216,"column":8},"end":{"line":216,"column":null}},"62":{"start":{"line":218,"column":8},"end":{"line":218,"column":null}},"63":{"start":{"line":219,"column":8},"end":{"line":221,"column":null}},"64":{"start":{"line":220,"column":10},"end":{"line":220,"column":null}},"65":{"start":{"line":222,"column":8},"end":{"line":222,"column":null}},"66":{"start":{"line":224,"column":8},"end":{"line":224,"column":null}},"67":{"start":{"line":225,"column":8},"end":{"line":225,"column":null}},"68":{"start":{"line":229,"column":26},"end":{"line":236,"column":null}},"69":{"start":{"line":230,"column":4},"end":{"line":235,"column":null}},"70":{"start":{"line":231,"column":21},"end":{"line":231,"column":null}},"71":{"start":{"line":232,"column":23},"end":{"line":232,"column":null}},"72":{"start":{"line":233,"column":21},"end":{"line":233,"column":null}},"73":{"start":{"line":234,"column":15},"end":{"line":234,"column":null}},"74":{"start":{"line":238,"column":27},"end":{"line":245,"column":null}},"75":{"start":{"line":239,"column":4},"end":{"line":244,"column":null}},"76":{"start":{"line":240,"column":21},"end":{"line":240,"column":null}},"77":{"start":{"line":241,"column":23},"end":{"line":241,"column":null}},"78":{"start":{"line":242,"column":21},"end":{"line":242,"column":null}},"79":{"start":{"line":243,"column":15},"end":{"line":243,"column":null}},"80":{"start":{"line":247,"column":2},"end":{"line":373,"column":null}},"81":{"start":{"line":296,"column":16},"end":{"line":357,"column":null}},"82":{"start":{"line":301,"column":33},"end":{"line":301,"column":null}},"83":{"start":{"line":338,"column":26},"end":{"line":338,"column":null}},"84":{"start":{"line":339,"column":26},"end":{"line":339,"column":null}},"85":{"start":{"line":349,"column":26},"end":{"line":349,"column":null}},"86":{"start":{"line":350,"column":26},"end":{"line":350,"column":null}}},"fnMap":{"0":{"name":"(anonymous_0)","decl":{"start":{"line":40,"column":30},"end":{"line":40,"column":31}},"loc":{"start":{"line":47,"column":27},"end":{"line":375,"column":null}},"line":47},"1":{"name":"(anonymous_1)","decl":{"start":{"line":56,"column":39},"end":{"line":56,"column":46}},"loc":{"start":{"line":56,"column":64},"end":{"line":75,"column":5}},"line":56},"2":{"name":"(anonymous_2)","decl":{"start":{"line":65,"column":24},"end":{"line":65,"column":35}},"loc":{"start":{"line":65,"column":35},"end":{"line":65,"column":60}},"line":65},"3":{"name":"(anonymous_3)","decl":{"start":{"line":78,"column":34},"end":{"line":78,"column":35}},"loc":{"start":{"line":78,"column":99},"end":{"line":174,"column":null}},"line":78},"4":{"name":"(anonymous_4)","decl":{"start":{"line":177,"column":28},"end":{"line":177,"column":29}},"loc":{"start":{"line":177,"column":94},"end":{"line":195,"column":null}},"line":177},"5":{"name":"(anonymous_5)","decl":{"start":{"line":188,"column":39},"end":{"line":188,"column":45}},"loc":{"start":{"line":188,"column":45},"end":{"line":190,"column":9}},"line":188},"6":{"name":"(anonymous_6)","decl":{"start":{"line":198,"column":33},"end":{"line":198,"column":34}},"loc":{"start":{"line":198,"column":63},"end":{"line":202,"column":null}},"line":198},"7":{"name":"(anonymous_7)","decl":{"start":{"line":205,"column":24},"end":{"line":205,"column":25}},"loc":{"start":{"line":205,"column":52},"end":{"line":227,"column":null}},"line":205},"8":{"name":"(anonymous_8)","decl":{"start":{"line":211,"column":25},"end":{"line":211,"column":34}},"loc":{"start":{"line":211,"column":25},"end":{"line":211,"column":64}},"line":211},"9":{"name":"(anonymous_9)","decl":{"start":{"line":215,"column":25},"end":{"line":215,"column":34}},"loc":{"start":{"line":215,"column":25},"end":{"line":215,"column":85}},"line":215},"10":{"name":"(anonymous_10)","decl":{"start":{"line":229,"column":26},"end":{"line":229,"column":27}},"loc":{"start":{"line":229,"column":48},"end":{"line":236,"column":null}},"line":229},"11":{"name":"(anonymous_11)","decl":{"start":{"line":238,"column":27},"end":{"line":238,"column":28}},"loc":{"start":{"line":238,"column":49},"end":{"line":245,"column":null}},"line":238},"12":{"name":"(anonymous_12)","decl":{"start":{"line":295,"column":31},"end":{"line":295,"column":32}},"loc":{"start":{"line":296,"column":16},"end":{"line":357,"column":null}},"line":296},"13":{"name":"(anonymous_13)","decl":{"start":{"line":301,"column":27},"end":{"line":301,"column":33}},"loc":{"start":{"line":301,"column":33},"end":{"line":301,"column":null}},"line":301},"14":{"name":"(anonymous_14)","decl":{"start":{"line":337,"column":33},"end":{"line":337,"column":34}},"loc":{"start":{"line":337,"column":40},"end":{"line":340,"column":null}},"line":337},"15":{"name":"(anonymous_15)","decl":{"start":{"line":348,"column":33},"end":{"line":348,"column":34}},"loc":{"start":{"line":348,"column":40},"end":{"line":351,"column":null}},"line":348}},"branchMap":{"0":{"loc":{"start":{"line":57,"column":4},"end":{"line":60,"column":null}},"type":"if","locations":[{"start":{"line":57,"column":4},"end":{"line":60,"column":null}},{"start":{},"end":{}}],"line":57},"1":{"loc":{"start":{"line":83,"column":4},"end":{"line":116,"column":null}},"type":"if","locations":[{"start":{"line":83,"column":4},"end":{"line":116,"column":null}},{"start":{},"end":{}}],"line":83},"2":{"loc":{"start":{"line":84,"column":6},"end":{"line":93,"column":null}},"type":"if","locations":[{"start":{"line":84,"column":6},"end":{"line":93,"column":null}},{"start":{},"end":{}}],"line":84},"3":{"loc":{"start":{"line":84,"column":10},"end":{"line":84,"column":70}},"type":"binary-expr","locations":[{"start":{"line":84,"column":10},"end":{"line":84,"column":42}},{"start":{"line":84,"column":42},"end":{"line":84,"column":70}}],"line":84},"4":{"loc":{"start":{"line":95,"column":6},"end":{"line":104,"column":null}},"type":"if","locations":[{"start":{"line":95,"column":6},"end":{"line":104,"column":null}},{"start":{},"end":{}}],"line":95},"5":{"loc":{"start":{"line":95,"column":10},"end":{"line":95,"column":80}},"type":"binary-expr","locations":[{"start":{"line":95,"column":10},"end":{"line":95,"column":45}},{"start":{"line":95,"column":45},"end":{"line":95,"column":80}}],"line":95},"6":{"loc":{"start":{"line":106,"column":6},"end":{"line":115,"column":null}},"type":"if","locations":[{"start":{"line":106,"column":6},"end":{"line":115,"column":null}},{"start":{},"end":{}}],"line":106},"7":{"loc":{"start":{"line":106,"column":10},"end":{"line":106,"column":69}},"type":"binary-expr","locations":[{"start":{"line":106,"column":10},"end":{"line":106,"column":41}},{"start":{"line":106,"column":41},"end":{"line":106,"column":69}}],"line":106},"8":{"loc":{"start":{"line":119,"column":4},"end":{"line":171,"column":null}},"type":"if","locations":[{"start":{"line":119,"column":4},"end":{"line":171,"column":null}},{"start":{},"end":{}}],"line":119},"9":{"loc":{"start":{"line":120,"column":6},"end":{"line":145,"column":null}},"type":"if","locations":[{"start":{"line":120,"column":6},"end":{"line":145,"column":null}},{"start":{},"end":{}}],"line":120},"10":{"loc":{"start":{"line":120,"column":10},"end":{"line":120,"column":77}},"type":"binary-expr","locations":[{"start":{"line":120,"column":10},"end":{"line":120,"column":41}},{"start":{"line":120,"column":41},"end":{"line":120,"column":77}}],"line":120},"11":{"loc":{"start":{"line":147,"column":6},"end":{"line":170,"column":null}},"type":"if","locations":[{"start":{"line":147,"column":6},"end":{"line":170,"column":null}},{"start":{},"end":{}}],"line":147},"12":{"loc":{"start":{"line":147,"column":10},"end":{"line":147,"column":73}},"type":"binary-expr","locations":[{"start":{"line":147,"column":10},"end":{"line":147,"column":45}},{"start":{"line":147,"column":45},"end":{"line":147,"column":73}}],"line":147},"13":{"loc":{"start":{"line":182,"column":4},"end":{"line":184,"column":null}},"type":"if","locations":[{"start":{"line":182,"column":4},"end":{"line":184,"column":null}},{"start":{},"end":{}}],"line":182},"14":{"loc":{"start":{"line":187,"column":4},"end":{"line":194,"column":null}},"type":"if","locations":[{"start":{"line":187,"column":4},"end":{"line":194,"column":null}},{"start":{"line":191,"column":11},"end":{"line":194,"column":null}}],"line":187},"15":{"loc":{"start":{"line":206,"column":4},"end":{"line":206,"column":null}},"type":"if","locations":[{"start":{"line":206,"column":4},"end":{"line":206,"column":null}},{"start":{},"end":{}}],"line":206},"16":{"loc":{"start":{"line":206,"column":8},"end":{"line":206,"column":54}},"type":"binary-expr","locations":[{"start":{"line":206,"column":8},"end":{"line":206,"column":28}},{"start":{"line":206,"column":28},"end":{"line":206,"column":54}}],"line":206},"17":{"loc":{"start":{"line":208,"column":4},"end":{"line":226,"column":null}},"type":"switch","locations":[{"start":{"line":209,"column":6},"end":{"line":212,"column":null}},{"start":{"line":213,"column":6},"end":{"line":216,"column":null}},{"start":{"line":217,"column":6},"end":{"line":222,"column":null}},{"start":{"line":223,"column":6},"end":{"line":225,"column":null}}],"line":208},"18":{"loc":{"start":{"line":219,"column":8},"end":{"line":221,"column":null}},"type":"if","locations":[{"start":{"line":219,"column":8},"end":{"line":221,"column":null}},{"start":{},"end":{}}],"line":219},"19":{"loc":{"start":{"line":230,"column":4},"end":{"line":235,"column":null}},"type":"switch","locations":[{"start":{"line":231,"column":6},"end":{"line":231,"column":null}},{"start":{"line":232,"column":6},"end":{"line":232,"column":null}},{"start":{"line":233,"column":6},"end":{"line":233,"column":null}},{"start":{"line":234,"column":6},"end":{"line":234,"column":null}}],"line":230},"20":{"loc":{"start":{"line":239,"column":4},"end":{"line":244,"column":null}},"type":"switch","locations":[{"start":{"line":240,"column":6},"end":{"line":240,"column":null}},{"start":{"line":241,"column":6},"end":{"line":241,"column":null}},{"start":{"line":242,"column":6},"end":{"line":242,"column":null}},{"start":{"line":243,"column":6},"end":{"line":243,"column":null}}],"line":239},"21":{"loc":{"start":{"line":251,"column":9},"end":{"line":269,"column":null}},"type":"cond-expr","locations":[{"start":{"line":252,"column":10},"end":{"line":259,"column":null}},{"start":{"line":261,"column":10},"end":{"line":269,"column":null}}],"line":251},"22":{"loc":{"start":{"line":273,"column":9},"end":{"line":276,"column":null}},"type":"binary-expr","locations":[{"start":{"line":273,"column":9},"end":{"line":273,"column":null}},{"start":{"line":274,"column":10},"end":{"line":276,"column":null}}],"line":273},"23":{"loc":{"start":{"line":281,"column":7},"end":{"line":371,"column":null}},"type":"binary-expr","locations":[{"start":{"line":281,"column":7},"end":{"line":281,"column":26}},{"start":{"line":281,"column":26},"end":{"line":281,"column":null}},{"start":{"line":282,"column":8},"end":{"line":371,"column":null}}],"line":281},"24":{"loc":{"start":{"line":299,"column":20},"end":{"line":299,"column":null}},"type":"cond-expr","locations":[{"start":{"line":299,"column":46},"end":{"line":299,"column":63}},{"start":{"line":299,"column":63},"end":{"line":299,"column":null}}],"line":299},"25":{"loc":{"start":{"line":316,"column":25},"end":{"line":323,"column":null}},"type":"cond-expr","locations":[{"start":{"line":317,"column":26},"end":{"line":317,"column":null}},{"start":{"line":319,"column":26},"end":{"line":323,"column":null}}],"line":316}},"s":{"0":1,"1":2101,"2":2101,"3":2101,"4":2101,"5":2101,"6":2101,"7":2101,"8":26,"9":0,"10":0,"11":26,"12":26,"13":26,"14":26,"15":26,"16":26,"17":26,"18":0,"19":26,"20":2101,"21":26,"22":26,"23":26,"24":13,"25":5,"26":13,"27":1,"28":13,"29":0,"30":26,"31":13,"32":0,"33":13,"34":1,"35":26,"36":2101,"37":997,"38":997,"39":997,"40":913,"41":997,"42":941,"43":26,"44":56,"45":56,"46":2101,"47":0,"48":0,"49":0,"50":2101,"51":997,"52":997,"53":0,"54":0,"55":0,"56":0,"57":0,"58":0,"59":0,"60":0,"61":0,"62":0,"63":0,"64":0,"65":0,"66":0,"67":0,"68":2101,"69":0,"70":0,"71":0,"72":0,"73":0,"74":2101,"75":0,"76":0,"77":0,"78":0,"79":0,"80":2101,"81":0,"82":0,"83":0,"84":0,"85":0,"86":0},"f":{"0":2101,"1":26,"2":26,"3":26,"4":997,"5":26,"6":0,"7":997,"8":0,"9":0,"10":0,"11":0,"12":0,"13":0,"14":0,"15":0},"b":{"0":[0,26],"1":[13,13],"2":[5,8],"3":[13,11],"4":[1,12],"5":[13,12],"6":[0,13],"7":[13,13],"8":[13,13],"9":[0,13],"10":[13,13],"11":[1,12],"12":[13,12],"13":[913,84],"14":[941,56],"15":[997,0],"16":[997,0],"17":[0,0,0,0],"18":[0,0],"19":[0,0,0,0],"20":[0,0,0,0],"21":[1053,1047],"22":[2101,76],"23":[2101,0,0],"24":[0,0],"25":[0,0]},"meta":{"lastBranch":26,"lastFunction":16,"lastStatement":87,"seen":{"s:40:30:375:Infinity":0,"f:40:30:40:31":0,"s:48:36:48:Infinity":1,"s:49:32:49:Infinity":2,"s:50:44:50:Infinity":3,"s:51:40:51:Infinity":4,"s:52:8:52:Infinity":5,"s:53:8:53:Infinity":6,"s:56:8:75:Infinity":7,"f:56:39:56:46":1,"b:57:4:60:Infinity:undefined:undefined:undefined:undefined":0,"s:57:4:60:Infinity":8,"s:58:6:58:Infinity":9,"s:59:6:59:Infinity":10,"s:62:4:62:Infinity":11,"s:63:4:74:Infinity":12,"s:65:6:65:Infinity":13,"f:65:24:65:35":2,"s:65:35:65:60":14,"s:67:46:67:Infinity":15,"s:68:6:68:Infinity":16,"s:69:6:69:Infinity":17,"s:71:6:71:Infinity":18,"s:73:6:73:Infinity":19,"s:78:34:174:Infinity":20,"f:78:34:78:35":3,"s:79:40:79:Infinity":21,"s:80:23:80:Infinity":22,"b:83:4:116:Infinity:undefined:undefined:undefined:undefined":1,"s:83:4:116:Infinity":23,"b:84:6:93:Infinity:undefined:undefined:undefined:undefined":2,"s:84:6:93:Infinity":24,"b:84:10:84:42:84:42:84:70":3,"s:85:8:92:Infinity":25,"b:95:6:104:Infinity:undefined:undefined:undefined:undefined":4,"s:95:6:104:Infinity":26,"b:95:10:95:45:95:45:95:80":5,"s:96:8:103:Infinity":27,"b:106:6:115:Infinity:undefined:undefined:undefined:undefined":6,"s:106:6:115:Infinity":28,"b:106:10:106:41:106:41:106:69":7,"s:107:8:114:Infinity":29,"b:119:4:171:Infinity:undefined:undefined:undefined:undefined":8,"s:119:4:171:Infinity":30,"b:120:6:145:Infinity:undefined:undefined:undefined:undefined":9,"s:120:6:145:Infinity":31,"b:120:10:120:41:120:41:120:77":10,"s:121:8:144:Infinity":32,"b:147:6:170:Infinity:undefined:undefined:undefined:undefined":11,"s:147:6:170:Infinity":33,"b:147:10:147:45:147:45:147:73":12,"s:148:8:169:Infinity":34,"s:173:4:173:Infinity":35,"s:177:28:195:Infinity":36,"f:177:28:177:29":4,"s:178:21:178:Infinity":37,"s:179:4:179:Infinity":38,"b:182:4:184:Infinity:undefined:undefined:undefined:undefined":13,"s:182:4:184:Infinity":39,"s:183:6:183:Infinity":40,"b:187:4:194:Infinity:191:11:194:Infinity":14,"s:187:4:194:Infinity":41,"s:188:6:190:Infinity":42,"f:188:39:188:45":5,"s:189:8:189:Infinity":43,"s:192:6:192:Infinity":44,"s:193:6:193:Infinity":45,"s:198:33:202:Infinity":46,"f:198:33:198:34":6,"s:199:4:199:Infinity":47,"s:200:4:200:Infinity":48,"s:201:4:201:Infinity":49,"s:205:24:227:Infinity":50,"f:205:24:205:25":7,"b:206:4:206:Infinity:undefined:undefined:undefined:undefined":15,"s:206:4:206:Infinity":51,"b:206:8:206:28:206:28:206:54":16,"s:206:54:206:Infinity":52,"b:209:6:212:Infinity:213:6:216:Infinity:217:6:222:Infinity:223:6:225:Infinity":17,"s:208:4:226:Infinity":53,"s:210:8:210:Infinity":54,"s:211:8:211:Infinity":55,"f:211:25:211:34":8,"s:211:25:211:64":56,"s:212:8:212:Infinity":57,"s:214:8:214:Infinity":58,"s:215:8:215:Infinity":59,"f:215:25:215:34":9,"s:215:25:215:85":60,"s:216:8:216:Infinity":61,"s:218:8:218:Infinity":62,"b:219:8:221:Infinity:undefined:undefined:undefined:undefined":18,"s:219:8:221:Infinity":63,"s:220:10:220:Infinity":64,"s:222:8:222:Infinity":65,"s:224:8:224:Infinity":66,"s:225:8:225:Infinity":67,"s:229:26:236:Infinity":68,"f:229:26:229:27":10,"b:231:6:231:Infinity:232:6:232:Infinity:233:6:233:Infinity:234:6:234:Infinity":19,"s:230:4:235:Infinity":69,"s:231:21:231:Infinity":70,"s:232:23:232:Infinity":71,"s:233:21:233:Infinity":72,"s:234:15:234:Infinity":73,"s:238:27:245:Infinity":74,"f:238:27:238:28":11,"b:240:6:240:Infinity:241:6:241:Infinity:242:6:242:Infinity:243:6:243:Infinity":20,"s:239:4:244:Infinity":75,"s:240:21:240:Infinity":76,"s:241:23:241:Infinity":77,"s:242:21:242:Infinity":78,"s:243:15:243:Infinity":79,"s:247:2:373:Infinity":80,"b:252:10:259:Infinity:261:10:269:Infinity":21,"b:273:9:273:Infinity:274:10:276:Infinity":22,"b:281:7:281:26:281:26:281:Infinity:282:8:371:Infinity":23,"f:295:31:295:32":12,"s:296:16:357:Infinity":81,"b:299:46:299:63:299:63:299:Infinity":24,"f:301:27:301:33":13,"s:301:33:301:Infinity":82,"b:317:26:317:Infinity:319:26:323:Infinity":25,"f:337:33:337:34":14,"s:338:26:338:Infinity":83,"s:339:26:339:Infinity":84,"f:348:33:348:34":15,"s:349:26:349:Infinity":85,"s:350:26:350:Infinity":86}}}
,"D:\\FPT_Uni\\Semester9\\study-ticket-flow\\src\\components\\EnhancedTicketTemplates.tsx": {"path":"D:\\FPT_Uni\\Semester9\\study-ticket-flow\\src\\components\\EnhancedTicketTemplates.tsx","statementMap":{"0":{"start":{"line":55,"column":39},"end":{"line":678,"column":null}},"1":{"start":{"line":56,"column":34},"end":{"line":56,"column":null}},"2":{"start":{"line":57,"column":46},"end":{"line":57,"column":null}},"3":{"start":{"line":58,"column":50},"end":{"line":58,"column":null}},"4":{"start":{"line":59,"column":46},"end":{"line":59,"column":null}},"5":{"start":{"line":61,"column":38},"end":{"line":346,"column":null}},"6":{"start":{"line":348,"column":21},"end":{"line":355,"column":null}},"7":{"start":{"line":357,"column":23},"end":{"line":362,"column":null}},"8":{"start":{"line":364,"column":28},"end":{"line":373,"column":null}},"9":{"start":{"line":365,"column":26},"end":{"line":367,"column":null}},"10":{"start":{"line":367,"column":51},"end":{"line":367,"column":103}},"11":{"start":{"line":369,"column":28},"end":{"line":369,"column":null}},"12":{"start":{"line":370,"column":30},"end":{"line":370,"column":null}},"13":{"start":{"line":372,"column":4},"end":{"line":372,"column":null}},"14":{"start":{"line":375,"column":29},"end":{"line":382,"column":null}},"15":{"start":{"line":376,"column":4},"end":{"line":381,"column":null}},"16":{"start":{"line":377,"column":23},"end":{"line":377,"column":null}},"17":{"start":{"line":378,"column":27},"end":{"line":378,"column":null}},"18":{"start":{"line":379,"column":23},"end":{"line":379,"column":null}},"19":{"start":{"line":380,"column":15},"end":{"line":380,"column":null}},"20":{"start":{"line":384,"column":27},"end":{"line":391,"column":null}},"21":{"start":{"line":385,"column":4},"end":{"line":390,"column":null}},"22":{"start":{"line":386,"column":19},"end":{"line":386,"column":null}},"23":{"start":{"line":387,"column":21},"end":{"line":387,"column":null}},"24":{"start":{"line":388,"column":18},"end":{"line":388,"column":null}},"25":{"start":{"line":389,"column":15},"end":{"line":389,"column":null}},"26":{"start":{"line":393,"column":2},"end":{"line":676,"column":null}},"27":{"start":{"line":415,"column":35},"end":{"line":415,"column":null}},"28":{"start":{"line":427,"column":18},"end":{"line":432,"column":null}},"29":{"start":{"line":443,"column":18},"end":{"line":445,"column":null}},"30":{"start":{"line":471,"column":16},"end":{"line":548,"column":null}},"31":{"start":{"line":519,"column":24},"end":{"line":521,"column":null}},"32":{"start":{"line":534,"column":39},"end":{"line":534,"column":null}},"33":{"start":{"line":542,"column":39},"end":{"line":542,"column":null}},"34":{"start":{"line":556,"column":64},"end":{"line":556,"column":null}},"35":{"start":{"line":622,"column":28},"end":{"line":627,"column":null}},"36":{"start":{"line":646,"column":26},"end":{"line":649,"column":null}},"37":{"start":{"line":658,"column":57},"end":{"line":658,"column":84}},"38":{"start":{"line":663,"column":20},"end":{"line":663,"column":null}},"39":{"start":{"line":664,"column":20},"end":{"line":664,"column":null}}},"fnMap":{"0":{"name":"(anonymous_0)","decl":{"start":{"line":55,"column":39},"end":{"line":55,"column":40}},"loc":{"start":{"line":55,"column":104},"end":{"line":678,"column":null}},"line":55},"1":{"name":"(anonymous_1)","decl":{"start":{"line":364,"column":45},"end":{"line":364,"column":57}},"loc":{"start":{"line":364,"column":57},"end":{"line":373,"column":3}},"line":364},"2":{"name":"(anonymous_2)","decl":{"start":{"line":367,"column":44},"end":{"line":367,"column":51}},"loc":{"start":{"line":367,"column":51},"end":{"line":367,"column":103}},"line":367},"3":{"name":"(anonymous_3)","decl":{"start":{"line":375,"column":29},"end":{"line":375,"column":30}},"loc":{"start":{"line":375,"column":53},"end":{"line":382,"column":null}},"line":375},"4":{"name":"(anonymous_4)","decl":{"start":{"line":384,"column":27},"end":{"line":384,"column":28}},"loc":{"start":{"line":384,"column":49},"end":{"line":391,"column":null}},"line":384},"5":{"name":"(anonymous_5)","decl":{"start":{"line":415,"column":28},"end":{"line":415,"column":29}},"loc":{"start":{"line":415,"column":35},"end":{"line":415,"column":null}},"line":415},"6":{"name":"(anonymous_6)","decl":{"start":{"line":426,"column":32},"end":{"line":426,"column":33}},"loc":{"start":{"line":427,"column":18},"end":{"line":432,"column":null}},"line":427},"7":{"name":"(anonymous_7)","decl":{"start":{"line":442,"column":34},"end":{"line":442,"column":35}},"loc":{"start":{"line":443,"column":18},"end":{"line":445,"column":null}},"line":443},"8":{"name":"(anonymous_8)","decl":{"start":{"line":470,"column":37},"end":{"line":470,"column":38}},"loc":{"start":{"line":471,"column":16},"end":{"line":548,"column":null}},"line":471},"9":{"name":"(anonymous_9)","decl":{"start":{"line":518,"column":53},"end":{"line":518,"column":54}},"loc":{"start":{"line":519,"column":24},"end":{"line":521,"column":null}},"line":519},"10":{"name":"(anonymous_10)","decl":{"start":{"line":534,"column":33},"end":{"line":534,"column":39}},"loc":{"start":{"line":534,"column":39},"end":{"line":534,"column":null}},"line":534},"11":{"name":"(anonymous_11)","decl":{"start":{"line":542,"column":33},"end":{"line":542,"column":39}},"loc":{"start":{"line":542,"column":39},"end":{"line":542,"column":null}},"line":542},"12":{"name":"(anonymous_12)","decl":{"start":{"line":556,"column":58},"end":{"line":556,"column":64}},"loc":{"start":{"line":556,"column":64},"end":{"line":556,"column":null}},"line":556},"13":{"name":"(anonymous_13)","decl":{"start":{"line":621,"column":62},"end":{"line":621,"column":63}},"loc":{"start":{"line":622,"column":28},"end":{"line":627,"column":null}},"line":622},"14":{"name":"(anonymous_14)","decl":{"start":{"line":645,"column":64},"end":{"line":645,"column":65}},"loc":{"start":{"line":646,"column":26},"end":{"line":649,"column":null}},"line":646},"15":{"name":"(anonymous_15)","decl":{"start":{"line":658,"column":51},"end":{"line":658,"column":57}},"loc":{"start":{"line":658,"column":57},"end":{"line":658,"column":84}},"line":658},"16":{"name":"(anonymous_16)","decl":{"start":{"line":662,"column":27},"end":{"line":662,"column":33}},"loc":{"start":{"line":662,"column":33},"end":{"line":665,"column":null}},"line":662}},"branchMap":{"0":{"loc":{"start":{"line":365,"column":26},"end":{"line":367,"column":null}},"type":"binary-expr","locations":[{"start":{"line":365,"column":26},"end":{"line":365,"column":null}},{"start":{"line":366,"column":25},"end":{"line":366,"column":null}},{"start":{"line":367,"column":25},"end":{"line":367,"column":null}}],"line":365},"1":{"loc":{"start":{"line":369,"column":28},"end":{"line":369,"column":null}},"type":"binary-expr","locations":[{"start":{"line":369,"column":28},"end":{"line":369,"column":58}},{"start":{"line":369,"column":58},"end":{"line":369,"column":null}}],"line":369},"2":{"loc":{"start":{"line":370,"column":30},"end":{"line":370,"column":null}},"type":"binary-expr","locations":[{"start":{"line":370,"column":30},"end":{"line":370,"column":62}},{"start":{"line":370,"column":62},"end":{"line":370,"column":null}}],"line":370},"3":{"loc":{"start":{"line":372,"column":11},"end":{"line":372,"column":null}},"type":"binary-expr","locations":[{"start":{"line":372,"column":11},"end":{"line":372,"column":28}},{"start":{"line":372,"column":28},"end":{"line":372,"column":47}},{"start":{"line":372,"column":47},"end":{"line":372,"column":null}}],"line":372},"4":{"loc":{"start":{"line":376,"column":4},"end":{"line":381,"column":null}},"type":"switch","locations":[{"start":{"line":377,"column":6},"end":{"line":377,"column":null}},{"start":{"line":378,"column":6},"end":{"line":378,"column":null}},{"start":{"line":379,"column":6},"end":{"line":379,"column":null}},{"start":{"line":380,"column":6},"end":{"line":380,"column":null}}],"line":376},"5":{"loc":{"start":{"line":385,"column":4},"end":{"line":390,"column":null}},"type":"switch","locations":[{"start":{"line":386,"column":6},"end":{"line":386,"column":null}},{"start":{"line":387,"column":6},"end":{"line":387,"column":null}},{"start":{"line":388,"column":6},"end":{"line":388,"column":null}},{"start":{"line":389,"column":6},"end":{"line":389,"column":null}}],"line":385},"6":{"loc":{"start":{"line":459,"column":15},"end":{"line":467,"column":null}},"type":"binary-expr","locations":[{"start":{"line":459,"column":15},"end":{"line":459,"column":null}},{"start":{"line":460,"column":16},"end":{"line":467,"column":null}}],"line":459},"7":{"loc":{"start":{"line":523,"column":23},"end":{"line":526,"column":null}},"type":"binary-expr","locations":[{"start":{"line":523,"column":23},"end":{"line":523,"column":null}},{"start":{"line":524,"column":24},"end":{"line":526,"column":null}}],"line":523},"8":{"loc":{"start":{"line":555,"column":9},"end":{"line":673,"column":null}},"type":"binary-expr","locations":[{"start":{"line":555,"column":9},"end":{"line":555,"column":null}},{"start":{"line":556,"column":10},"end":{"line":673,"column":null}}],"line":555}},"s":{"0":1,"1":0,"2":0,"3":0,"4":0,"5":0,"6":0,"7":0,"8":0,"9":0,"10":0,"11":0,"12":0,"13":0,"14":0,"15":0,"16":0,"17":0,"18":0,"19":0,"20":0,"21":0,"22":0,"23":0,"24":0,"25":0,"26":0,"27":0,"28":0,"29":0,"30":0,"31":0,"32":0,"33":0,"34":0,"35":0,"36":0,"37":0,"38":0,"39":0},"f":{"0":0,"1":0,"2":0,"3":0,"4":0,"5":0,"6":0,"7":0,"8":0,"9":0,"10":0,"11":0,"12":0,"13":0,"14":0,"15":0,"16":0},"b":{"0":[0,0,0],"1":[0,0],"2":[0,0],"3":[0,0,0],"4":[0,0,0,0],"5":[0,0,0,0],"6":[0,0],"7":[0,0],"8":[0,0]},"meta":{"lastBranch":9,"lastFunction":17,"lastStatement":40,"seen":{"s:55:39:678:Infinity":0,"f:55:39:55:40":0,"s:56:34:56:Infinity":1,"s:57:46:57:Infinity":2,"s:58:50:58:Infinity":3,"s:59:46:59:Infinity":4,"s:61:38:346:Infinity":5,"s:348:21:355:Infinity":6,"s:357:23:362:Infinity":7,"s:364:28:373:Infinity":8,"f:364:45:364:57":1,"s:365:26:367:Infinity":9,"b:365:26:365:Infinity:366:25:366:Infinity:367:25:367:Infinity":0,"f:367:44:367:51":2,"s:367:51:367:103":10,"s:369:28:369:Infinity":11,"b:369:28:369:58:369:58:369:Infinity":1,"s:370:30:370:Infinity":12,"b:370:30:370:62:370:62:370:Infinity":2,"s:372:4:372:Infinity":13,"b:372:11:372:28:372:28:372:47:372:47:372:Infinity":3,"s:375:29:382:Infinity":14,"f:375:29:375:30":3,"b:377:6:377:Infinity:378:6:378:Infinity:379:6:379:Infinity:380:6:380:Infinity":4,"s:376:4:381:Infinity":15,"s:377:23:377:Infinity":16,"s:378:27:378:Infinity":17,"s:379:23:379:Infinity":18,"s:380:15:380:Infinity":19,"s:384:27:391:Infinity":20,"f:384:27:384:28":4,"b:386:6:386:Infinity:387:6:387:Infinity:388:6:388:Infinity:389:6:389:Infinity":5,"s:385:4:390:Infinity":21,"s:386:19:386:Infinity":22,"s:387:21:387:Infinity":23,"s:388:18:388:Infinity":24,"s:389:15:389:Infinity":25,"s:393:2:676:Infinity":26,"f:415:28:415:29":5,"s:415:35:415:Infinity":27,"f:426:32:426:33":6,"s:427:18:432:Infinity":28,"f:442:34:442:35":7,"s:443:18:445:Infinity":29,"b:459:15:459:Infinity:460:16:467:Infinity":6,"f:470:37:470:38":8,"s:471:16:548:Infinity":30,"f:518:53:518:54":9,"s:519:24:521:Infinity":31,"b:523:23:523:Infinity:524:24:526:Infinity":7,"f:534:33:534:39":10,"s:534:39:534:Infinity":32,"f:542:33:542:39":11,"s:542:39:542:Infinity":33,"b:555:9:555:Infinity:556:10:673:Infinity":8,"f:556:58:556:64":12,"s:556:64:556:Infinity":34,"f:621:62:621:63":13,"s:622:28:627:Infinity":35,"f:645:64:645:65":14,"s:646:26:649:Infinity":36,"f:658:51:658:57":15,"s:658:57:658:84":37,"f:662:27:662:33":16,"s:663:20:663:Infinity":38,"s:664:20:664:Infinity":39}}}
,"D:\\FPT_Uni\\Semester9\\study-ticket-flow\\src\\components\\UnifiedTicketCreation.tsx": {"path":"D:\\FPT_Uni\\Semester9\\study-ticket-flow\\src\\components\\UnifiedTicketCreation.tsx","statementMap":{"0":{"start":{"line":48,"column":37},"end":{"line":781,"column":null}},"1":{"start":{"line":49,"column":30},"end":{"line":61,"column":null}},"2":{"start":{"line":63,"column":26},"end":{"line":63,"column":null}},"3":{"start":{"line":64,"column":32},"end":{"line":64,"column":null}},"4":{"start":{"line":65,"column":40},"end":{"line":65,"column":null}},"5":{"start":{"line":66,"column":36},"end":{"line":66,"column":null}},"6":{"start":{"line":67,"column":40},"end":{"line":67,"column":null}},"7":{"start":{"line":68,"column":44},"end":{"line":68,"column":null}},"8":{"start":{"line":69,"column":34},"end":{"line":69,"column":null}},"9":{"start":{"line":70,"column":38},"end":{"line":70,"column":null}},"10":{"start":{"line":73,"column":27},"end":{"line":78,"column":null}},"11":{"start":{"line":81,"column":33},"end":{"line":90,"column":null}},"12":{"start":{"line":93,"column":25},"end":{"line":93,"column":null}},"13":{"start":{"line":95,"column":21},"end":{"line":100,"column":null}},"14":{"start":{"line":102,"column":20},"end":{"line":107,"column":null}},"15":{"start":{"line":109,"column":25},"end":{"line":111,"column":null}},"16":{"start":{"line":113,"column":21},"end":{"line":116,"column":null}},"17":{"start":{"line":119,"column":2},"end":{"line":147,"column":null}},"18":{"start":{"line":120,"column":26},"end":{"line":143,"column":null}},"19":{"start":{"line":121,"column":6},"end":{"line":142,"column":null}},"20":{"start":{"line":122,"column":8},"end":{"line":122,"column":null}},"21":{"start":{"line":123,"column":8},"end":{"line":141,"column":null}},"22":{"start":{"line":125,"column":36},"end":{"line":125,"column":null}},"23":{"start":{"line":126,"column":30},"end":{"line":131,"column":null}},"24":{"start":{"line":133,"column":10},"end":{"line":136,"column":null}},"25":{"start":{"line":134,"column":12},"end":{"line":134,"column":null}},"26":{"start":{"line":135,"column":12},"end":{"line":135,"column":null}},"27":{"start":{"line":138,"column":10},"end":{"line":138,"column":null}},"28":{"start":{"line":140,"column":10},"end":{"line":140,"column":null}},"29":{"start":{"line":145,"column":22},"end":{"line":145,"column":null}},"30":{"start":{"line":146,"column":4},"end":{"line":146,"column":null}},"31":{"start":{"line":146,"column":17},"end":{"line":146,"column":null}},"32":{"start":{"line":149,"column":23},"end":{"line":169,"column":null}},"33":{"start":{"line":150,"column":4},"end":{"line":150,"column":null}},"34":{"start":{"line":153,"column":4},"end":{"line":156,"column":null}},"35":{"start":{"line":154,"column":6},"end":{"line":154,"column":null}},"36":{"start":{"line":155,"column":6},"end":{"line":155,"column":null}},"37":{"start":{"line":158,"column":4},"end":{"line":161,"column":null}},"38":{"start":{"line":159,"column":6},"end":{"line":159,"column":null}},"39":{"start":{"line":160,"column":6},"end":{"line":160,"column":null}},"40":{"start":{"line":163,"column":4},"end":{"line":163,"column":null}},"41":{"start":{"line":164,"column":4},"end":{"line":168,"column":null}},"42":{"start":{"line":165,"column":6},"end":{"line":165,"column":null}},"43":{"start":{"line":167,"column":6},"end":{"line":167,"column":null}},"44":{"start":{"line":171,"column":17},"end":{"line":176,"column":null}},"45":{"start":{"line":172,"column":4},"end":{"line":174,"column":null}},"46":{"start":{"line":173,"column":6},"end":{"line":173,"column":null}},"47":{"start":{"line":173,"column":27},"end":{"line":173,"column":66}},"48":{"start":{"line":175,"column":4},"end":{"line":175,"column":null}},"49":{"start":{"line":178,"column":20},"end":{"line":183,"column":null}},"50":{"start":{"line":179,"column":4},"end":{"line":182,"column":null}},"51":{"start":{"line":179,"column":25},"end":{"line":182,"column":6}},"52":{"start":{"line":181,"column":36},"end":{"line":181,"column":55}},"53":{"start":{"line":185,"column":31},"end":{"line":197,"column":null}},"54":{"start":{"line":186,"column":4},"end":{"line":194,"column":null}},"55":{"start":{"line":186,"column":25},"end":{"line":194,"column":6}},"56":{"start":{"line":195,"column":4},"end":{"line":195,"column":null}},"57":{"start":{"line":196,"column":4},"end":{"line":196,"column":null}},"58":{"start":{"line":199,"column":22},"end":{"line":201,"column":null}},"59":{"start":{"line":200,"column":4},"end":{"line":200,"column":null}},"60":{"start":{"line":200,"column":36},"end":{"line":200,"column":52}},"61":{"start":{"line":203,"column":23},"end":{"line":205,"column":null}},"62":{"start":{"line":204,"column":4},"end":{"line":204,"column":null}},"63":{"start":{"line":204,"column":36},"end":{"line":204,"column":52}},"64":{"start":{"line":207,"column":2},"end":{"line":779,"column":null}},"65":{"start":{"line":242,"column":22},"end":{"line":258,"column":null}},"66":{"start":{"line":249,"column":39},"end":{"line":249,"column":null}},"67":{"start":{"line":249,"column":60},"end":{"line":249,"column":97}},"68":{"start":{"line":268,"column":39},"end":{"line":268,"column":null}},"69":{"start":{"line":285,"column":41},"end":{"line":285,"column":null}},"70":{"start":{"line":294,"column":26},"end":{"line":310,"column":null}},"71":{"start":{"line":301,"column":43},"end":{"line":301,"column":null}},"72":{"start":{"line":301,"column":64},"end":{"line":301,"column":101}},"73":{"start":{"line":322,"column":41},"end":{"line":322,"column":null}},"74":{"start":{"line":322,"column":62},"end":{"line":322,"column":88}},"75":{"start":{"line":338,"column":41},"end":{"line":338,"column":null}},"76":{"start":{"line":338,"column":62},"end":{"line":338,"column":94}},"77":{"start":{"line":354,"column":22},"end":{"line":369,"column":null}},"78":{"start":{"line":361,"column":39},"end":{"line":361,"column":null}},"79":{"start":{"line":361,"column":60},"end":{"line":361,"column":105}},"80":{"start":{"line":396,"column":45},"end":{"line":396,"column":null}},"81":{"start":{"line":396,"column":66},"end":{"line":396,"column":114}},"82":{"start":{"line":405,"column":67},"end":{"line":405,"column":111}},"83":{"start":{"line":412,"column":45},"end":{"line":412,"column":null}},"84":{"start":{"line":412,"column":66},"end":{"line":412,"column":122}},"85":{"start":{"line":422,"column":77},"end":{"line":422,"column":104}},"86":{"start":{"line":442,"column":35},"end":{"line":442,"column":null}},"87":{"start":{"line":465,"column":35},"end":{"line":465,"column":null}},"88":{"start":{"line":500,"column":65},"end":{"line":500,"column":94}},"89":{"start":{"line":535,"column":43},"end":{"line":535,"column":null}},"90":{"start":{"line":535,"column":64},"end":{"line":535,"column":104}},"91":{"start":{"line":543,"column":43},"end":{"line":543,"column":null}},"92":{"start":{"line":543,"column":64},"end":{"line":543,"column":103}},"93":{"start":{"line":551,"column":43},"end":{"line":551,"column":null}},"94":{"start":{"line":551,"column":64},"end":{"line":551,"column":106}},"95":{"start":{"line":565,"column":41},"end":{"line":565,"column":null}},"96":{"start":{"line":568,"column":26},"end":{"line":571,"column":null}},"97":{"start":{"line":569,"column":28},"end":{"line":569,"column":null}},"98":{"start":{"line":570,"column":28},"end":{"line":570,"column":null}},"99":{"start":{"line":574,"column":59},"end":{"line":574,"column":null}},"100":{"start":{"line":581,"column":24},"end":{"line":587,"column":null}},"101":{"start":{"line":585,"column":43},"end":{"line":585,"column":null}},"102":{"start":{"line":593,"column":24},"end":{"line":599,"column":null}},"103":{"start":{"line":596,"column":41},"end":{"line":596,"column":null}},"104":{"start":{"line":610,"column":22},"end":{"line":633,"column":null}},"105":{"start":{"line":617,"column":39},"end":{"line":617,"column":null}},"106":{"start":{"line":617,"column":60},"end":{"line":617,"column":103}},"107":{"start":{"line":643,"column":46},"end":{"line":643,"column":null}},"108":{"start":{"line":643,"column":67},"end":{"line":643,"column":101}},"109":{"start":{"line":650,"column":24},"end":{"line":655,"column":null}},"110":{"start":{"line":707,"column":32},"end":{"line":709,"column":null}},"111":{"start":{"line":716,"column":68},"end":{"line":716,"column":97}},"112":{"start":{"line":744,"column":35},"end":{"line":744,"column":null}},"113":{"start":{"line":776,"column":25},"end":{"line":776,"column":null}}},"fnMap":{"0":{"name":"(anonymous_0)","decl":{"start":{"line":48,"column":37},"end":{"line":48,"column":38}},"loc":{"start":{"line":48,"column":106},"end":{"line":781,"column":null}},"line":48},"1":{"name":"(anonymous_1)","decl":{"start":{"line":119,"column":12},"end":{"line":119,"column":18}},"loc":{"start":{"line":119,"column":18},"end":{"line":147,"column":5}},"line":119},"2":{"name":"(anonymous_2)","decl":{"start":{"line":120,"column":26},"end":{"line":120,"column":38}},"loc":{"start":{"line":120,"column":38},"end":{"line":143,"column":null}},"line":120},"3":{"name":"(anonymous_3)","decl":{"start":{"line":146,"column":11},"end":{"line":146,"column":17}},"loc":{"start":{"line":146,"column":17},"end":{"line":146,"column":null}},"line":146},"4":{"name":"(anonymous_4)","decl":{"start":{"line":149,"column":23},"end":{"line":149,"column":30}},"loc":{"start":{"line":149,"column":53},"end":{"line":169,"column":null}},"line":149},"5":{"name":"(anonymous_5)","decl":{"start":{"line":171,"column":17},"end":{"line":171,"column":18}},"loc":{"start":{"line":171,"column":34},"end":{"line":176,"column":null}},"line":171},"6":{"name":"(anonymous_6)","decl":{"start":{"line":173,"column":18},"end":{"line":173,"column":27}},"loc":{"start":{"line":173,"column":27},"end":{"line":173,"column":66}},"line":173},"7":{"name":"(anonymous_7)","decl":{"start":{"line":178,"column":20},"end":{"line":178,"column":21}},"loc":{"start":{"line":178,"column":45},"end":{"line":183,"column":null}},"line":178},"8":{"name":"(anonymous_8)","decl":{"start":{"line":179,"column":16},"end":{"line":179,"column":25}},"loc":{"start":{"line":179,"column":25},"end":{"line":182,"column":6}},"line":179},"9":{"name":"(anonymous_9)","decl":{"start":{"line":181,"column":29},"end":{"line":181,"column":36}},"loc":{"start":{"line":181,"column":36},"end":{"line":181,"column":55}},"line":181},"10":{"name":"(anonymous_10)","decl":{"start":{"line":185,"column":31},"end":{"line":185,"column":32}},"loc":{"start":{"line":185,"column":50},"end":{"line":197,"column":null}},"line":185},"11":{"name":"(anonymous_11)","decl":{"start":{"line":186,"column":16},"end":{"line":186,"column":25}},"loc":{"start":{"line":186,"column":25},"end":{"line":194,"column":6}},"line":186},"12":{"name":"(anonymous_12)","decl":{"start":{"line":199,"column":22},"end":{"line":199,"column":23}},"loc":{"start":{"line":199,"column":40},"end":{"line":201,"column":null}},"line":199},"13":{"name":"(anonymous_13)","decl":{"start":{"line":200,"column":31},"end":{"line":200,"column":36}},"loc":{"start":{"line":200,"column":36},"end":{"line":200,"column":52}},"line":200},"14":{"name":"(anonymous_14)","decl":{"start":{"line":203,"column":23},"end":{"line":203,"column":24}},"loc":{"start":{"line":203,"column":41},"end":{"line":205,"column":null}},"line":203},"15":{"name":"(anonymous_15)","decl":{"start":{"line":204,"column":31},"end":{"line":204,"column":36}},"loc":{"start":{"line":204,"column":36},"end":{"line":204,"column":52}},"line":204},"16":{"name":"(anonymous_16)","decl":{"start":{"line":241,"column":42},"end":{"line":241,"column":43}},"loc":{"start":{"line":242,"column":22},"end":{"line":258,"column":null}},"line":242},"17":{"name":"(anonymous_17)","decl":{"start":{"line":249,"column":33},"end":{"line":249,"column":39}},"loc":{"start":{"line":249,"column":39},"end":{"line":249,"column":null}},"line":249},"18":{"name":"(anonymous_18)","decl":{"start":{"line":249,"column":51},"end":{"line":249,"column":60}},"loc":{"start":{"line":249,"column":60},"end":{"line":249,"column":97}},"line":249},"19":{"name":"(anonymous_19)","decl":{"start":{"line":268,"column":33},"end":{"line":268,"column":39}},"loc":{"start":{"line":268,"column":39},"end":{"line":268,"column":null}},"line":268},"20":{"name":"(anonymous_20)","decl":{"start":{"line":285,"column":35},"end":{"line":285,"column":41}},"loc":{"start":{"line":285,"column":41},"end":{"line":285,"column":null}},"line":285},"21":{"name":"(anonymous_21)","decl":{"start":{"line":293,"column":52},"end":{"line":293,"column":53}},"loc":{"start":{"line":294,"column":26},"end":{"line":310,"column":null}},"line":294},"22":{"name":"(anonymous_22)","decl":{"start":{"line":301,"column":37},"end":{"line":301,"column":43}},"loc":{"start":{"line":301,"column":43},"end":{"line":301,"column":null}},"line":301},"23":{"name":"(anonymous_23)","decl":{"start":{"line":301,"column":55},"end":{"line":301,"column":64}},"loc":{"start":{"line":301,"column":64},"end":{"line":301,"column":101}},"line":301},"24":{"name":"(anonymous_24)","decl":{"start":{"line":322,"column":30},"end":{"line":322,"column":31}},"loc":{"start":{"line":322,"column":41},"end":{"line":322,"column":null}},"line":322},"25":{"name":"(anonymous_25)","decl":{"start":{"line":322,"column":53},"end":{"line":322,"column":62}},"loc":{"start":{"line":322,"column":62},"end":{"line":322,"column":88}},"line":322},"26":{"name":"(anonymous_26)","decl":{"start":{"line":338,"column":30},"end":{"line":338,"column":31}},"loc":{"start":{"line":338,"column":41},"end":{"line":338,"column":null}},"line":338},"27":{"name":"(anonymous_27)","decl":{"start":{"line":338,"column":53},"end":{"line":338,"column":62}},"loc":{"start":{"line":338,"column":62},"end":{"line":338,"column":94}},"line":338},"28":{"name":"(anonymous_28)","decl":{"start":{"line":353,"column":36},"end":{"line":353,"column":37}},"loc":{"start":{"line":354,"column":22},"end":{"line":369,"column":null}},"line":354},"29":{"name":"(anonymous_29)","decl":{"start":{"line":361,"column":33},"end":{"line":361,"column":39}},"loc":{"start":{"line":361,"column":39},"end":{"line":361,"column":null}},"line":361},"30":{"name":"(anonymous_30)","decl":{"start":{"line":361,"column":51},"end":{"line":361,"column":60}},"loc":{"start":{"line":361,"column":60},"end":{"line":361,"column":105}},"line":361},"31":{"name":"(anonymous_31)","decl":{"start":{"line":396,"column":39},"end":{"line":396,"column":45}},"loc":{"start":{"line":396,"column":45},"end":{"line":396,"column":null}},"line":396},"32":{"name":"(anonymous_32)","decl":{"start":{"line":396,"column":57},"end":{"line":396,"column":66}},"loc":{"start":{"line":396,"column":66},"end":{"line":396,"column":114}},"line":396},"33":{"name":"(anonymous_33)","decl":{"start":{"line":405,"column":62},"end":{"line":405,"column":67}},"loc":{"start":{"line":405,"column":67},"end":{"line":405,"column":111}},"line":405},"34":{"name":"(anonymous_34)","decl":{"start":{"line":412,"column":39},"end":{"line":412,"column":45}},"loc":{"start":{"line":412,"column":45},"end":{"line":412,"column":null}},"line":412},"35":{"name":"(anonymous_35)","decl":{"start":{"line":412,"column":57},"end":{"line":412,"column":66}},"loc":{"start":{"line":412,"column":66},"end":{"line":412,"column":122}},"line":412},"36":{"name":"(anonymous_36)","decl":{"start":{"line":422,"column":71},"end":{"line":422,"column":77}},"loc":{"start":{"line":422,"column":77},"end":{"line":422,"column":104}},"line":422},"37":{"name":"(anonymous_37)","decl":{"start":{"line":442,"column":29},"end":{"line":442,"column":35}},"loc":{"start":{"line":442,"column":35},"end":{"line":442,"column":null}},"line":442},"38":{"name":"(anonymous_38)","decl":{"start":{"line":465,"column":29},"end":{"line":465,"column":35}},"loc":{"start":{"line":465,"column":35},"end":{"line":465,"column":null}},"line":465},"39":{"name":"(anonymous_39)","decl":{"start":{"line":500,"column":60},"end":{"line":500,"column":65}},"loc":{"start":{"line":500,"column":65},"end":{"line":500,"column":94}},"line":500},"40":{"name":"(anonymous_40)","decl":{"start":{"line":535,"column":36},"end":{"line":535,"column":37}},"loc":{"start":{"line":535,"column":43},"end":{"line":535,"column":null}},"line":535},"41":{"name":"(anonymous_41)","decl":{"start":{"line":535,"column":55},"end":{"line":535,"column":64}},"loc":{"start":{"line":535,"column":64},"end":{"line":535,"column":104}},"line":535},"42":{"name":"(anonymous_42)","decl":{"start":{"line":543,"column":36},"end":{"line":543,"column":37}},"loc":{"start":{"line":543,"column":43},"end":{"line":543,"column":null}},"line":543},"43":{"name":"(anonymous_43)","decl":{"start":{"line":543,"column":55},"end":{"line":543,"column":64}},"loc":{"start":{"line":543,"column":64},"end":{"line":543,"column":103}},"line":543},"44":{"name":"(anonymous_44)","decl":{"start":{"line":551,"column":36},"end":{"line":551,"column":37}},"loc":{"start":{"line":551,"column":43},"end":{"line":551,"column":null}},"line":551},"45":{"name":"(anonymous_45)","decl":{"start":{"line":551,"column":55},"end":{"line":551,"column":64}},"loc":{"start":{"line":551,"column":64},"end":{"line":551,"column":106}},"line":551},"46":{"name":"(anonymous_46)","decl":{"start":{"line":565,"column":34},"end":{"line":565,"column":35}},"loc":{"start":{"line":565,"column":41},"end":{"line":565,"column":null}},"line":565},"47":{"name":"(anonymous_47)","decl":{"start":{"line":567,"column":36},"end":{"line":567,"column":37}},"loc":{"start":{"line":567,"column":43},"end":{"line":572,"column":null}},"line":567},"48":{"name":"(anonymous_48)","decl":{"start":{"line":574,"column":53},"end":{"line":574,"column":59}},"loc":{"start":{"line":574,"column":59},"end":{"line":574,"column":null}},"line":574},"49":{"name":"(anonymous_49)","decl":{"start":{"line":580,"column":41},"end":{"line":580,"column":42}},"loc":{"start":{"line":581,"column":24},"end":{"line":587,"column":null}},"line":581},"50":{"name":"(anonymous_50)","decl":{"start":{"line":585,"column":37},"end":{"line":585,"column":43}},"loc":{"start":{"line":585,"column":43},"end":{"line":585,"column":null}},"line":585},"51":{"name":"(anonymous_51)","decl":{"start":{"line":592,"column":63},"end":{"line":592,"column":null}},"loc":{"start":{"line":593,"column":24},"end":{"line":599,"column":null}},"line":593},"52":{"name":"(anonymous_52)","decl":{"start":{"line":596,"column":35},"end":{"line":596,"column":41}},"loc":{"start":{"line":596,"column":41},"end":{"line":596,"column":null}},"line":596},"53":{"name":"(anonymous_53)","decl":{"start":{"line":609,"column":35},"end":{"line":609,"column":36}},"loc":{"start":{"line":610,"column":22},"end":{"line":633,"column":null}},"line":610},"54":{"name":"(anonymous_54)","decl":{"start":{"line":617,"column":33},"end":{"line":617,"column":39}},"loc":{"start":{"line":617,"column":39},"end":{"line":617,"column":null}},"line":617},"55":{"name":"(anonymous_55)","decl":{"start":{"line":617,"column":51},"end":{"line":617,"column":60}},"loc":{"start":{"line":617,"column":60},"end":{"line":617,"column":103}},"line":617},"56":{"name":"(anonymous_56)","decl":{"start":{"line":643,"column":35},"end":{"line":643,"column":36}},"loc":{"start":{"line":643,"column":46},"end":{"line":643,"column":null}},"line":643},"57":{"name":"(anonymous_57)","decl":{"start":{"line":643,"column":58},"end":{"line":643,"column":67}},"loc":{"start":{"line":643,"column":67},"end":{"line":643,"column":101}},"line":643},"58":{"name":"(anonymous_58)","decl":{"start":{"line":649,"column":42},"end":{"line":649,"column":43}},"loc":{"start":{"line":650,"column":24},"end":{"line":655,"column":null}},"line":650},"59":{"name":"(anonymous_59)","decl":{"start":{"line":706,"column":49},"end":{"line":706,"column":50}},"loc":{"start":{"line":707,"column":32},"end":{"line":709,"column":null}},"line":707},"60":{"name":"(anonymous_60)","decl":{"start":{"line":716,"column":63},"end":{"line":716,"column":68}},"loc":{"start":{"line":716,"column":68},"end":{"line":716,"column":97}},"line":716},"61":{"name":"(anonymous_61)","decl":{"start":{"line":744,"column":29},"end":{"line":744,"column":35}},"loc":{"start":{"line":744,"column":35},"end":{"line":744,"column":null}},"line":744},"62":{"name":"(anonymous_62)","decl":{"start":{"line":776,"column":19},"end":{"line":776,"column":25}},"loc":{"start":{"line":776,"column":25},"end":{"line":776,"column":null}},"line":776}},"branchMap":{"0":{"loc":{"start":{"line":50,"column":11},"end":{"line":50,"column":null}},"type":"binary-expr","locations":[{"start":{"line":50,"column":11},"end":{"line":50,"column":33}},{"start":{"line":50,"column":33},"end":{"line":50,"column":null}}],"line":50},"1":{"loc":{"start":{"line":51,"column":17},"end":{"line":51,"column":null}},"type":"binary-expr","locations":[{"start":{"line":51,"column":17},"end":{"line":51,"column":45}},{"start":{"line":51,"column":45},"end":{"line":51,"column":null}}],"line":51},"2":{"loc":{"start":{"line":52,"column":10},"end":{"line":52,"column":null}},"type":"binary-expr","locations":[{"start":{"line":52,"column":10},"end":{"line":52,"column":31}},{"start":{"line":52,"column":31},"end":{"line":52,"column":null}}],"line":52},"3":{"loc":{"start":{"line":53,"column":14},"end":{"line":53,"column":null}},"type":"binary-expr","locations":[{"start":{"line":53,"column":14},"end":{"line":53,"column":39}},{"start":{"line":53,"column":39},"end":{"line":53,"column":null}}],"line":53},"4":{"loc":{"start":{"line":54,"column":16},"end":{"line":54,"column":null}},"type":"binary-expr","locations":[{"start":{"line":54,"column":16},"end":{"line":54,"column":43}},{"start":{"line":54,"column":43},"end":{"line":54,"column":null}}],"line":54},"5":{"loc":{"start":{"line":55,"column":15},"end":{"line":55,"column":null}},"type":"binary-expr","locations":[{"start":{"line":55,"column":15},"end":{"line":55,"column":41}},{"start":{"line":55,"column":41},"end":{"line":55,"column":null}}],"line":55},"6":{"loc":{"start":{"line":56,"column":18},"end":{"line":56,"column":null}},"type":"binary-expr","locations":[{"start":{"line":56,"column":18},"end":{"line":56,"column":47}},{"start":{"line":56,"column":47},"end":{"line":56,"column":null}}],"line":56},"7":{"loc":{"start":{"line":57,"column":10},"end":{"line":57,"column":null}},"type":"binary-expr","locations":[{"start":{"line":57,"column":10},"end":{"line":57,"column":31}},{"start":{"line":57,"column":31},"end":{"line":57,"column":null}}],"line":57},"8":{"loc":{"start":{"line":58,"column":19},"end":{"line":58,"column":null}},"type":"binary-expr","locations":[{"start":{"line":58,"column":19},"end":{"line":58,"column":49}},{"start":{"line":58,"column":49},"end":{"line":58,"column":null}}],"line":58},"9":{"loc":{"start":{"line":59,"column":13},"end":{"line":59,"column":null}},"type":"binary-expr","locations":[{"start":{"line":59,"column":13},"end":{"line":59,"column":37}},{"start":{"line":59,"column":37},"end":{"line":59,"column":null}}],"line":59},"10":{"loc":{"start":{"line":121,"column":6},"end":{"line":142,"column":null}},"type":"if","locations":[{"start":{"line":121,"column":6},"end":{"line":142,"column":null}},{"start":{},"end":{}}],"line":121},"11":{"loc":{"start":{"line":121,"column":10},"end":{"line":121,"column":74}},"type":"binary-expr","locations":[{"start":{"line":121,"column":10},"end":{"line":121,"column":40}},{"start":{"line":121,"column":40},"end":{"line":121,"column":74}}],"line":121},"12":{"loc":{"start":{"line":133,"column":10},"end":{"line":136,"column":null}},"type":"if","locations":[{"start":{"line":133,"column":10},"end":{"line":136,"column":null}},{"start":{},"end":{}}],"line":133},"13":{"loc":{"start":{"line":153,"column":4},"end":{"line":156,"column":null}},"type":"if","locations":[{"start":{"line":153,"column":4},"end":{"line":156,"column":null}},{"start":{},"end":{}}],"line":153},"14":{"loc":{"start":{"line":158,"column":4},"end":{"line":161,"column":null}},"type":"if","locations":[{"start":{"line":158,"column":4},"end":{"line":161,"column":null}},{"start":{},"end":{}}],"line":158},"15":{"loc":{"start":{"line":172,"column":4},"end":{"line":174,"column":null}},"type":"if","locations":[{"start":{"line":172,"column":4},"end":{"line":174,"column":null}},{"start":{},"end":{}}],"line":172},"16":{"loc":{"start":{"line":172,"column":8},"end":{"line":172,"column":45}},"type":"binary-expr","locations":[{"start":{"line":172,"column":8},"end":{"line":172,"column":15}},{"start":{"line":172,"column":15},"end":{"line":172,"column":45}}],"line":172},"17":{"loc":{"start":{"line":192,"column":12},"end":{"line":192,"column":null}},"type":"binary-expr","locations":[{"start":{"line":192,"column":12},"end":{"line":192,"column":29}},{"start":{"line":192,"column":29},"end":{"line":192,"column":null}}],"line":192},"18":{"loc":{"start":{"line":193,"column":21},"end":{"line":193,"column":null}},"type":"binary-expr","locations":[{"start":{"line":193,"column":21},"end":{"line":193,"column":47}},{"start":{"line":193,"column":47},"end":{"line":193,"column":null}}],"line":193},"19":{"loc":{"start":{"line":200,"column":11},"end":{"line":200,"column":null}},"type":"binary-expr","locations":[{"start":{"line":200,"column":11},"end":{"line":200,"column":63}},{"start":{"line":200,"column":63},"end":{"line":200,"column":null}}],"line":200},"20":{"loc":{"start":{"line":204,"column":11},"end":{"line":204,"column":null}},"type":"binary-expr","locations":[{"start":{"line":204,"column":11},"end":{"line":204,"column":64}},{"start":{"line":204,"column":64},"end":{"line":204,"column":null}}],"line":204},"21":{"loc":{"start":{"line":245,"column":26},"end":{"line":247,"column":null}},"type":"cond-expr","locations":[{"start":{"line":246,"column":30},"end":{"line":246,"column":null}},{"start":{"line":247,"column":30},"end":{"line":247,"column":null}}],"line":245},"22":{"loc":{"start":{"line":263,"column":19},"end":{"line":274,"column":null}},"type":"binary-expr","locations":[{"start":{"line":263,"column":19},"end":{"line":263,"column":null}},{"start":{"line":264,"column":20},"end":{"line":274,"column":null}}],"line":263},"23":{"loc":{"start":{"line":278,"column":19},"end":{"line":313,"column":null}},"type":"binary-expr","locations":[{"start":{"line":278,"column":19},"end":{"line":278,"column":null}},{"start":{"line":279,"column":20},"end":{"line":313,"column":null}}],"line":278},"24":{"loc":{"start":{"line":297,"column":30},"end":{"line":299,"column":null}},"type":"cond-expr","locations":[{"start":{"line":298,"column":34},"end":{"line":298,"column":null}},{"start":{"line":299,"column":34},"end":{"line":299,"column":null}}],"line":297},"25":{"loc":{"start":{"line":357,"column":26},"end":{"line":359,"column":null}},"type":"cond-expr","locations":[{"start":{"line":358,"column":30},"end":{"line":358,"column":null}},{"start":{"line":359,"column":30},"end":{"line":359,"column":null}}],"line":357},"26":{"loc":{"start":{"line":375,"column":17},"end":{"line":428,"column":null}},"type":"binary-expr","locations":[{"start":{"line":375,"column":17},"end":{"line":375,"column":36}},{"start":{"line":375,"column":36},"end":{"line":375,"column":null}},{"start":{"line":376,"column":18},"end":{"line":428,"column":null}}],"line":375},"27":{"loc":{"start":{"line":381,"column":25},"end":{"line":381,"column":null}},"type":"binary-expr","locations":[{"start":{"line":381,"column":25},"end":{"line":381,"column":40}},{"start":{"line":381,"column":40},"end":{"line":381,"column":null}}],"line":381},"28":{"loc":{"start":{"line":386,"column":25},"end":{"line":400,"column":null}},"type":"binary-expr","locations":[{"start":{"line":386,"column":25},"end":{"line":386,"column":null}},{"start":{"line":387,"column":26},"end":{"line":400,"column":null}}],"line":386},"29":{"loc":{"start":{"line":402,"column":25},"end":{"line":416,"column":null}},"type":"binary-expr","locations":[{"start":{"line":402,"column":25},"end":{"line":402,"column":null}},{"start":{"line":403,"column":26},"end":{"line":416,"column":null}}],"line":402},"30":{"loc":{"start":{"line":418,"column":25},"end":{"line":419,"column":null}},"type":"binary-expr","locations":[{"start":{"line":418,"column":25},"end":{"line":418,"column":null}},{"start":{"line":419,"column":26},"end":{"line":419,"column":null}}],"line":418},"31":{"loc":{"start":{"line":486,"column":17},"end":{"line":506,"column":null}},"type":"binary-expr","locations":[{"start":{"line":486,"column":17},"end":{"line":486,"column":35}},{"start":{"line":486,"column":35},"end":{"line":486,"column":null}},{"start":{"line":487,"column":18},"end":{"line":506,"column":null}}],"line":486},"32":{"loc":{"start":{"line":568,"column":26},"end":{"line":571,"column":null}},"type":"if","locations":[{"start":{"line":568,"column":26},"end":{"line":571,"column":null}},{"start":{},"end":{}}],"line":568},"33":{"loc":{"start":{"line":613,"column":26},"end":{"line":615,"column":null}},"type":"cond-expr","locations":[{"start":{"line":614,"column":30},"end":{"line":614,"column":null}},{"start":{"line":615,"column":30},"end":{"line":615,"column":null}}],"line":613},"34":{"loc":{"start":{"line":628,"column":29},"end":{"line":629,"column":null}},"type":"binary-expr","locations":[{"start":{"line":628,"column":29},"end":{"line":628,"column":null}},{"start":{"line":629,"column":30},"end":{"line":629,"column":null}}],"line":628},"35":{"loc":{"start":{"line":675,"column":29},"end":{"line":675,"column":null}},"type":"binary-expr","locations":[{"start":{"line":675,"column":29},"end":{"line":675,"column":47}},{"start":{"line":675,"column":47},"end":{"line":675,"column":null}}],"line":675},"36":{"loc":{"start":{"line":678,"column":29},"end":{"line":678,"column":null}},"type":"binary-expr","locations":[{"start":{"line":678,"column":29},"end":{"line":678,"column":53}},{"start":{"line":678,"column":53},"end":{"line":678,"column":null}}],"line":678},"37":{"loc":{"start":{"line":679,"column":26},"end":{"line":700,"column":null}},"type":"binary-expr","locations":[{"start":{"line":682,"column":28},"end":{"line":682,"column":51}},{"start":{"line":682,"column":51},"end":{"line":682,"column":73}},{"start":{"line":682,"column":73},"end":{"line":682,"column":null}},{"start":{"line":683,"column":28},"end":{"line":700,"column":null}}],"line":679},"38":{"loc":{"start":{"line":685,"column":31},"end":{"line":688,"column":null}},"type":"binary-expr","locations":[{"start":{"line":685,"column":31},"end":{"line":685,"column":null}},{"start":{"line":686,"column":32},"end":{"line":688,"column":null}}],"line":685},"39":{"loc":{"start":{"line":690,"column":31},"end":{"line":693,"column":null}},"type":"binary-expr","locations":[{"start":{"line":690,"column":31},"end":{"line":690,"column":null}},{"start":{"line":691,"column":32},"end":{"line":693,"column":null}}],"line":690},"40":{"loc":{"start":{"line":695,"column":31},"end":{"line":698,"column":null}},"type":"binary-expr","locations":[{"start":{"line":695,"column":31},"end":{"line":695,"column":null}},{"start":{"line":696,"column":32},"end":{"line":698,"column":null}}],"line":695},"41":{"loc":{"start":{"line":704,"column":27},"end":{"line":711,"column":null}},"type":"binary-expr","locations":[{"start":{"line":704,"column":27},"end":{"line":704,"column":null}},{"start":{"line":705,"column":28},"end":{"line":711,"column":null}}],"line":704},"42":{"loc":{"start":{"line":740,"column":17},"end":{"line":747,"column":null}},"type":"binary-expr","locations":[{"start":{"line":740,"column":17},"end":{"line":740,"column":null}},{"start":{"line":741,"column":18},"end":{"line":747,"column":null}}],"line":740},"43":{"loc":{"start":{"line":751,"column":28},"end":{"line":751,"column":null}},"type":"binary-expr","locations":[{"start":{"line":751,"column":28},"end":{"line":751,"column":54}},{"start":{"line":751,"column":54},"end":{"line":751,"column":86}},{"start":{"line":751,"column":86},"end":{"line":751,"column":null}}],"line":751},"44":{"loc":{"start":{"line":754,"column":19},"end":{"line":763,"column":null}},"type":"cond-expr","locations":[{"start":{"line":755,"column":20},"end":{"line":758,"column":null}},{"start":{"line":760,"column":20},"end":{"line":763,"column":null}}],"line":754},"45":{"loc":{"start":{"line":773,"column":7},"end":{"line":777,"column":null}},"type":"binary-expr","locations":[{"start":{"line":773,"column":7},"end":{"line":773,"column":null}},{"start":{"line":774,"column":8},"end":{"line":777,"column":null}}],"line":773}},"s":{"0":1,"1":1066,"2":1066,"3":1066,"4":1066,"5":1066,"6":1066,"7":1066,"8":1066,"9":1066,"10":1066,"11":1066,"12":1066,"13":1066,"14":1066,"15":1066,"16":1066,"17":1066,"18":1014,"19":5,"20":4,"21":4,"22":4,"23":4,"24":4,"25":4,"26":4,"27":0,"28":4,"29":1014,"30":1014,"31":1014,"32":1066,"33":12,"34":12,"35":0,"36":0,"37":12,"38":0,"39":0,"40":12,"41":12,"42":12,"43":12,"44":1066,"45":0,"46":0,"47":0,"48":0,"49":1066,"50":0,"51":0,"52":0,"53":1066,"54":0,"55":0,"56":0,"57":0,"58":1066,"59":0,"60":0,"61":1066,"62":0,"63":0,"64":1066,"65":4260,"66":0,"67":0,"68":0,"69":0,"70":0,"71":0,"72":0,"73":273,"74":273,"75":724,"76":724,"77":4260,"78":0,"79":0,"80":1,"81":1,"82":39,"83":1,"84":1,"85":1,"86":0,"87":0,"88":1408,"89":6,"90":6,"91":6,"92":6,"93":7,"94":7,"95":0,"96":0,"97":0,"98":0,"99":0,"100":0,"101":0,"102":8520,"103":0,"104":4260,"105":0,"106":0,"107":0,"108":0,"109":8520,"110":0,"111":2138,"112":0,"113":0},"f":{"0":1066,"1":1014,"2":5,"3":1014,"4":12,"5":0,"6":0,"7":0,"8":0,"9":0,"10":0,"11":0,"12":0,"13":0,"14":0,"15":0,"16":4260,"17":0,"18":0,"19":0,"20":0,"21":0,"22":0,"23":0,"24":273,"25":273,"26":724,"27":724,"28":4260,"29":0,"30":0,"31":1,"32":1,"33":39,"34":1,"35":1,"36":1,"37":0,"38":0,"39":1408,"40":6,"41":6,"42":6,"43":6,"44":7,"45":7,"46":0,"47":0,"48":0,"49":0,"50":0,"51":8520,"52":0,"53":4260,"54":0,"55":0,"56":0,"57":0,"58":8520,"59":0,"60":2138,"61":0,"62":0},"b":{"0":[1066,1065],"1":[1066,1065],"2":[1066,1065],"3":[1066,1065],"4":[1066,1065],"5":[1066,1065],"6":[1066,1065],"7":[1066,1065],"8":[1066,1065],"9":[1066,1065],"10":[4,1],"11":[5,4],"12":[4,0],"13":[0,12],"14":[0,12],"15":[0,0],"16":[0,0],"17":[0,0],"18":[0,0],"19":[0,0],"20":[0,0],"21":[1065,3195],"22":[1066,1065],"23":[1066,0],"24":[0,0],"25":[1065,3195],"26":[1066,12,12],"27":[12,0],"28":[12,12],"29":[12,12],"30":[12,12],"31":[1066,973,700],"32":[0,0],"33":[1065,3195],"34":[4260,1065],"35":[1066,92],"36":[1066,290],"37":[1066,1044,1044,21],"38":[21,21],"39":[21,15],"40":[21,9],"41":[1066,0],"42":[1066,1065],"43":[1066,973,700],"44":[12,1053],"45":[1066,0]},"meta":{"lastBranch":46,"lastFunction":63,"lastStatement":114,"seen":{"s:48:37:781:Infinity":0,"f:48:37:48:38":0,"s:49:30:61:Infinity":1,"b:50:11:50:33:50:33:50:Infinity":0,"b:51:17:51:45:51:45:51:Infinity":1,"b:52:10:52:31:52:31:52:Infinity":2,"b:53:14:53:39:53:39:53:Infinity":3,"b:54:16:54:43:54:43:54:Infinity":4,"b:55:15:55:41:55:41:55:Infinity":5,"b:56:18:56:47:56:47:56:Infinity":6,"b:57:10:57:31:57:31:57:Infinity":7,"b:58:19:58:49:58:49:58:Infinity":8,"b:59:13:59:37:59:37:59:Infinity":9,"s:63:26:63:Infinity":2,"s:64:32:64:Infinity":3,"s:65:40:65:Infinity":4,"s:66:36:66:Infinity":5,"s:67:40:67:Infinity":6,"s:68:44:68:Infinity":7,"s:69:34:69:Infinity":8,"s:70:38:70:Infinity":9,"s:73:27:78:Infinity":10,"s:81:33:90:Infinity":11,"s:93:25:93:Infinity":12,"s:95:21:100:Infinity":13,"s:102:20:107:Infinity":14,"s:109:25:111:Infinity":15,"s:113:21:116:Infinity":16,"s:119:2:147:Infinity":17,"f:119:12:119:18":1,"s:120:26:143:Infinity":18,"f:120:26:120:38":2,"b:121:6:142:Infinity:undefined:undefined:undefined:undefined":10,"s:121:6:142:Infinity":19,"b:121:10:121:40:121:40:121:74":11,"s:122:8:122:Infinity":20,"s:123:8:141:Infinity":21,"s:125:36:125:Infinity":22,"s:126:30:131:Infinity":23,"b:133:10:136:Infinity:undefined:undefined:undefined:undefined":12,"s:133:10:136:Infinity":24,"s:134:12:134:Infinity":25,"s:135:12:135:Infinity":26,"s:138:10:138:Infinity":27,"s:140:10:140:Infinity":28,"s:145:22:145:Infinity":29,"s:146:4:146:Infinity":30,"f:146:11:146:17":3,"s:146:17:146:Infinity":31,"s:149:23:169:Infinity":32,"f:149:23:149:30":4,"s:150:4:150:Infinity":33,"b:153:4:156:Infinity:undefined:undefined:undefined:undefined":13,"s:153:4:156:Infinity":34,"s:154:6:154:Infinity":35,"s:155:6:155:Infinity":36,"b:158:4:161:Infinity:undefined:undefined:undefined:undefined":14,"s:158:4:161:Infinity":37,"s:159:6:159:Infinity":38,"s:160:6:160:Infinity":39,"s:163:4:163:Infinity":40,"s:164:4:168:Infinity":41,"s:165:6:165:Infinity":42,"s:167:6:167:Infinity":43,"s:171:17:176:Infinity":44,"f:171:17:171:18":5,"b:172:4:174:Infinity:undefined:undefined:undefined:undefined":15,"s:172:4:174:Infinity":45,"b:172:8:172:15:172:15:172:45":16,"s:173:6:173:Infinity":46,"f:173:18:173:27":6,"s:173:27:173:66":47,"s:175:4:175:Infinity":48,"s:178:20:183:Infinity":49,"f:178:20:178:21":7,"s:179:4:182:Infinity":50,"f:179:16:179:25":8,"s:179:25:182:6":51,"f:181:29:181:36":9,"s:181:36:181:55":52,"s:185:31:197:Infinity":53,"f:185:31:185:32":10,"s:186:4:194:Infinity":54,"f:186:16:186:25":11,"s:186:25:194:6":55,"b:192:12:192:29:192:29:192:Infinity":17,"b:193:21:193:47:193:47:193:Infinity":18,"s:195:4:195:Infinity":56,"s:196:4:196:Infinity":57,"s:199:22:201:Infinity":58,"f:199:22:199:23":12,"s:200:4:200:Infinity":59,"b:200:11:200:63:200:63:200:Infinity":19,"f:200:31:200:36":13,"s:200:36:200:52":60,"s:203:23:205:Infinity":61,"f:203:23:203:24":14,"s:204:4:204:Infinity":62,"b:204:11:204:64:204:64:204:Infinity":20,"f:204:31:204:36":15,"s:204:36:204:52":63,"s:207:2:779:Infinity":64,"f:241:42:241:43":16,"s:242:22:258:Infinity":65,"b:246:30:246:Infinity:247:30:247:Infinity":21,"f:249:33:249:39":17,"s:249:39:249:Infinity":66,"f:249:51:249:60":18,"s:249:60:249:97":67,"b:263:19:263:Infinity:264:20:274:Infinity":22,"f:268:33:268:39":19,"s:268:39:268:Infinity":68,"b:278:19:278:Infinity:279:20:313:Infinity":23,"f:285:35:285:41":20,"s:285:41:285:Infinity":69,"f:293:52:293:53":21,"s:294:26:310:Infinity":70,"b:298:34:298:Infinity:299:34:299:Infinity":24,"f:301:37:301:43":22,"s:301:43:301:Infinity":71,"f:301:55:301:64":23,"s:301:64:301:101":72,"f:322:30:322:31":24,"s:322:41:322:Infinity":73,"f:322:53:322:62":25,"s:322:62:322:88":74,"f:338:30:338:31":26,"s:338:41:338:Infinity":75,"f:338:53:338:62":27,"s:338:62:338:94":76,"f:353:36:353:37":28,"s:354:22:369:Infinity":77,"b:358:30:358:Infinity:359:30:359:Infinity":25,"f:361:33:361:39":29,"s:361:39:361:Infinity":78,"f:361:51:361:60":30,"s:361:60:361:105":79,"b:375:17:375:36:375:36:375:Infinity:376:18:428:Infinity":26,"b:381:25:381:40:381:40:381:Infinity":27,"b:386:25:386:Infinity:387:26:400:Infinity":28,"f:396:39:396:45":31,"s:396:45:396:Infinity":80,"f:396:57:396:66":32,"s:396:66:396:114":81,"b:402:25:402:Infinity:403:26:416:Infinity":29,"f:405:62:405:67":33,"s:405:67:405:111":82,"f:412:39:412:45":34,"s:412:45:412:Infinity":83,"f:412:57:412:66":35,"s:412:66:412:122":84,"b:418:25:418:Infinity:419:26:419:Infinity":30,"f:422:71:422:77":36,"s:422:77:422:104":85,"f:442:29:442:35":37,"s:442:35:442:Infinity":86,"f:465:29:465:35":38,"s:465:35:465:Infinity":87,"b:486:17:486:35:486:35:486:Infinity:487:18:506:Infinity":31,"f:500:60:500:65":39,"s:500:65:500:94":88,"f:535:36:535:37":40,"s:535:43:535:Infinity":89,"f:535:55:535:64":41,"s:535:64:535:104":90,"f:543:36:543:37":42,"s:543:43:543:Infinity":91,"f:543:55:543:64":43,"s:543:64:543:103":92,"f:551:36:551:37":44,"s:551:43:551:Infinity":93,"f:551:55:551:64":45,"s:551:64:551:106":94,"f:565:34:565:35":46,"s:565:41:565:Infinity":95,"f:567:36:567:37":47,"b:568:26:571:Infinity:undefined:undefined:undefined:undefined":32,"s:568:26:571:Infinity":96,"s:569:28:569:Infinity":97,"s:570:28:570:Infinity":98,"f:574:53:574:59":48,"s:574:59:574:Infinity":99,"f:580:41:580:42":49,"s:581:24:587:Infinity":100,"f:585:37:585:43":50,"s:585:43:585:Infinity":101,"f:592:63:592:Infinity":51,"s:593:24:599:Infinity":102,"f:596:35:596:41":52,"s:596:41:596:Infinity":103,"f:609:35:609:36":53,"s:610:22:633:Infinity":104,"b:614:30:614:Infinity:615:30:615:Infinity":33,"f:617:33:617:39":54,"s:617:39:617:Infinity":105,"f:617:51:617:60":55,"s:617:60:617:103":106,"b:628:29:628:Infinity:629:30:629:Infinity":34,"f:643:35:643:36":56,"s:643:46:643:Infinity":107,"f:643:58:643:67":57,"s:643:67:643:101":108,"f:649:42:649:43":58,"s:650:24:655:Infinity":109,"b:675:29:675:47:675:47:675:Infinity":35,"b:678:29:678:53:678:53:678:Infinity":36,"b:682:28:682:51:682:51:682:73:682:73:682:Infinity:683:28:700:Infinity":37,"b:685:31:685:Infinity:686:32:688:Infinity":38,"b:690:31:690:Infinity:691:32:693:Infinity":39,"b:695:31:695:Infinity:696:32:698:Infinity":40,"b:704:27:704:Infinity:705:28:711:Infinity":41,"f:706:49:706:50":59,"s:707:32:709:Infinity":110,"f:716:63:716:68":60,"s:716:68:716:97":111,"b:740:17:740:Infinity:741:18:747:Infinity":42,"f:744:29:744:35":61,"s:744:35:744:Infinity":112,"b:751:28:751:54:751:54:751:86:751:86:751:Infinity":43,"b:755:20:758:Infinity:760:20:763:Infinity":44,"b:773:7:773:Infinity:774:8:777:Infinity":45,"f:776:19:776:25":62,"s:776:25:776:Infinity":113}}}
,"D:\\FPT_Uni\\Semester9\\study-ticket-flow\\src\\components\\ui\\badge.tsx": {"path":"D:\\FPT_Uni\\Semester9\\study-ticket-flow\\src\\components\\ui\\badge.tsx","statementMap":{"0":{"start":{"line":6,"column":6},"end":{"line":21,"column":null}},"1":{"start":{"line":26,"column":2},"end":{"line":26,"column":null}}},"fnMap":{"0":{"name":"Badge","decl":{"start":{"line":25,"column":9},"end":{"line":25,"column":15}},"loc":{"start":{"line":25,"column":61},"end":{"line":27,"column":null}},"line":25}},"branchMap":{},"s":{"0":1,"1":4200},"f":{"0":4200},"b":{},"meta":{"lastBranch":0,"lastFunction":1,"lastStatement":2,"seen":{"s:6:6:21:Infinity":0,"f:25:9:25:15":0,"s:26:2:26:Infinity":1}}}
,"D:\\FPT_Uni\\Semester9\\study-ticket-flow\\src\\components\\ui\\button.tsx": {"path":"D:\\FPT_Uni\\Semester9\\study-ticket-flow\\src\\components\\ui\\button.tsx","statementMap":{"0":{"start":{"line":7,"column":6},"end":{"line":31,"column":null}},"1":{"start":{"line":39,"column":15},"end":{"line":44,"column":null}},"2":{"start":{"line":41,"column":17},"end":{"line":41,"column":null}},"3":{"start":{"line":42,"column":4},"end":{"line":42,"column":null}},"4":{"start":{"line":45,"column":0},"end":{"line":45,"column":null}}},"fnMap":{"0":{"name":"(anonymous_0)","decl":{"start":{"line":40,"column":2},"end":{"line":40,"column":3}},"loc":{"start":{"line":40,"column":68},"end":{"line":43,"column":null}},"line":40}},"branchMap":{"0":{"loc":{"start":{"line":40,"column":31},"end":{"line":40,"column":48}},"type":"default-arg","locations":[{"start":{"line":40,"column":41},"end":{"line":40,"column":48}}],"line":40},"1":{"loc":{"start":{"line":41,"column":17},"end":{"line":41,"column":null}},"type":"cond-expr","locations":[{"start":{"line":41,"column":27},"end":{"line":41,"column":34}},{"start":{"line":41,"column":34},"end":{"line":41,"column":null}}],"line":41}},"s":{"0":1,"1":1,"2":4297,"3":4297,"4":1},"f":{"0":4297},"b":{"0":[4297],"1":[0,4297]},"meta":{"lastBranch":2,"lastFunction":1,"lastStatement":5,"seen":{"s:7:6:31:Infinity":0,"s:39:15:44:Infinity":1,"f:40:2:40:3":0,"b:40:41:40:48":0,"s:41:17:41:Infinity":2,"b:41:27:41:34:41:34:41:Infinity":1,"s:42:4:42:Infinity":3,"s:45:0:45:Infinity":4}}}
,"D:\\FPT_Uni\\Semester9\\study-ticket-flow\\src\\components\\ui\\card.tsx": {"path":"D:\\FPT_Uni\\Semester9\\study-ticket-flow\\src\\components\\ui\\card.tsx","statementMap":{"0":{"start":{"line":5,"column":13},"end":{"line":7,"column":null}},"1":{"start":{"line":6,"column":2},"end":{"line":6,"column":null}},"2":{"start":{"line":8,"column":0},"end":{"line":8,"column":null}},"3":{"start":{"line":10,"column":19},"end":{"line":14,"column":null}},"4":{"start":{"line":12,"column":4},"end":{"line":12,"column":null}},"5":{"start":{"line":15,"column":0},"end":{"line":15,"column":null}},"6":{"start":{"line":17,"column":18},"end":{"line":21,"column":null}},"7":{"start":{"line":19,"column":4},"end":{"line":19,"column":null}},"8":{"start":{"line":22,"column":0},"end":{"line":22,"column":null}},"9":{"start":{"line":24,"column":24},"end":{"line":28,"column":null}},"10":{"start":{"line":26,"column":4},"end":{"line":26,"column":null}},"11":{"start":{"line":29,"column":0},"end":{"line":29,"column":null}},"12":{"start":{"line":31,"column":20},"end":{"line":33,"column":null}},"13":{"start":{"line":32,"column":36},"end":{"line":32,"column":null}},"14":{"start":{"line":34,"column":0},"end":{"line":34,"column":null}},"15":{"start":{"line":36,"column":19},"end":{"line":40,"column":null}},"16":{"start":{"line":38,"column":4},"end":{"line":38,"column":null}},"17":{"start":{"line":41,"column":0},"end":{"line":41,"column":null}}},"fnMap":{"0":{"name":"(anonymous_0)","decl":{"start":{"line":5,"column":84},"end":{"line":5,"column":85}},"loc":{"start":{"line":6,"column":2},"end":{"line":6,"column":null}},"line":6},"1":{"name":"(anonymous_1)","decl":{"start":{"line":11,"column":2},"end":{"line":11,"column":3}},"loc":{"start":{"line":12,"column":4},"end":{"line":12,"column":null}},"line":12},"2":{"name":"(anonymous_2)","decl":{"start":{"line":18,"column":2},"end":{"line":18,"column":3}},"loc":{"start":{"line":19,"column":4},"end":{"line":19,"column":null}},"line":19},"3":{"name":"(anonymous_3)","decl":{"start":{"line":25,"column":2},"end":{"line":25,"column":3}},"loc":{"start":{"line":26,"column":4},"end":{"line":26,"column":null}},"line":26},"4":{"name":"(anonymous_4)","decl":{"start":{"line":32,"column":2},"end":{"line":32,"column":3}},"loc":{"start":{"line":32,"column":36},"end":{"line":32,"column":null}},"line":32},"5":{"name":"(anonymous_5)","decl":{"start":{"line":37,"column":2},"end":{"line":37,"column":3}},"loc":{"start":{"line":38,"column":4},"end":{"line":38,"column":null}},"line":38}},"branchMap":{},"s":{"0":1,"1":9540,"2":1,"3":1,"4":1099,"5":1,"6":1,"7":1099,"8":1,"9":1,"10":1087,"11":1,"12":1,"13":9540,"14":1,"15":1,"16":0,"17":1},"f":{"0":9540,"1":1099,"2":1099,"3":1087,"4":9540,"5":0},"b":{},"meta":{"lastBranch":0,"lastFunction":6,"lastStatement":18,"seen":{"s:5:13:7:Infinity":0,"f:5:84:5:85":0,"s:6:2:6:Infinity":1,"s:8:0:8:Infinity":2,"s:10:19:14:Infinity":3,"f:11:2:11:3":1,"s:12:4:12:Infinity":4,"s:15:0:15:Infinity":5,"s:17:18:21:Infinity":6,"f:18:2:18:3":2,"s:19:4:19:Infinity":7,"s:22:0:22:Infinity":8,"s:24:24:28:Infinity":9,"f:25:2:25:3":3,"s:26:4:26:Infinity":10,"s:29:0:29:Infinity":11,"s:31:20:33:Infinity":12,"f:32:2:32:3":4,"s:32:36:32:Infinity":13,"s:34:0:34:Infinity":14,"s:36:19:40:Infinity":15,"f:37:2:37:3":5,"s:38:4:38:Infinity":16,"s:41:0:41:Infinity":17}}}
,"D:\\FPT_Uni\\Semester9\\study-ticket-flow\\src\\components\\ui\\dialog.tsx": {"path":"D:\\FPT_Uni\\Semester9\\study-ticket-flow\\src\\components\\ui\\dialog.tsx","statementMap":{"0":{"start":{"line":7,"column":15},"end":{"line":7,"column":null}},"1":{"start":{"line":9,"column":22},"end":{"line":9,"column":null}},"2":{"start":{"line":11,"column":21},"end":{"line":11,"column":null}},"3":{"start":{"line":13,"column":20},"end":{"line":13,"column":null}},"4":{"start":{"line":15,"column":22},"end":{"line":27,"column":null}},"5":{"start":{"line":19,"column":2},"end":{"line":26,"column":null}},"6":{"start":{"line":28,"column":0},"end":{"line":28,"column":null}},"7":{"start":{"line":30,"column":22},"end":{"line":51,"column":null}},"8":{"start":{"line":34,"column":2},"end":{"line":50,"column":null}},"9":{"start":{"line":52,"column":0},"end":{"line":52,"column":null}},"10":{"start":{"line":54,"column":21},"end":{"line":55,"column":null}},"11":{"start":{"line":55,"column":2},"end":{"line":55,"column":null}},"12":{"start":{"line":57,"column":0},"end":{"line":57,"column":null}},"13":{"start":{"line":59,"column":21},"end":{"line":60,"column":null}},"14":{"start":{"line":60,"column":2},"end":{"line":60,"column":null}},"15":{"start":{"line":62,"column":0},"end":{"line":62,"column":null}},"16":{"start":{"line":64,"column":20},"end":{"line":73,"column":null}},"17":{"start":{"line":68,"column":2},"end":{"line":72,"column":null}},"18":{"start":{"line":74,"column":0},"end":{"line":74,"column":null}},"19":{"start":{"line":76,"column":26},"end":{"line":81,"column":null}},"20":{"start":{"line":80,"column":2},"end":{"line":80,"column":null}},"21":{"start":{"line":82,"column":0},"end":{"line":82,"column":null}}},"fnMap":{"0":{"name":"(anonymous_0)","decl":{"start":{"line":18,"column":2},"end":{"line":18,"column":3}},"loc":{"start":{"line":19,"column":2},"end":{"line":26,"column":null}},"line":19},"1":{"name":"(anonymous_1)","decl":{"start":{"line":33,"column":2},"end":{"line":33,"column":3}},"loc":{"start":{"line":34,"column":2},"end":{"line":50,"column":null}},"line":34},"2":{"name":"(anonymous_2)","decl":{"start":{"line":54,"column":21},"end":{"line":54,"column":22}},"loc":{"start":{"line":55,"column":2},"end":{"line":55,"column":null}},"line":55},"3":{"name":"(anonymous_3)","decl":{"start":{"line":59,"column":21},"end":{"line":59,"column":22}},"loc":{"start":{"line":60,"column":2},"end":{"line":60,"column":null}},"line":60},"4":{"name":"(anonymous_4)","decl":{"start":{"line":67,"column":2},"end":{"line":67,"column":3}},"loc":{"start":{"line":68,"column":2},"end":{"line":72,"column":null}},"line":68},"5":{"name":"(anonymous_5)","decl":{"start":{"line":79,"column":2},"end":{"line":79,"column":3}},"loc":{"start":{"line":80,"column":2},"end":{"line":80,"column":null}},"line":80}},"branchMap":{},"s":{"0":1,"1":1,"2":1,"3":1,"4":1,"5":0,"6":1,"7":1,"8":0,"9":1,"10":1,"11":0,"12":1,"13":1,"14":0,"15":1,"16":1,"17":0,"18":1,"19":1,"20":0,"21":1},"f":{"0":0,"1":0,"2":0,"3":0,"4":0,"5":0},"b":{},"meta":{"lastBranch":0,"lastFunction":6,"lastStatement":22,"seen":{"s:7:15:7:Infinity":0,"s:9:22:9:Infinity":1,"s:11:21:11:Infinity":2,"s:13:20:13:Infinity":3,"s:15:22:27:Infinity":4,"f:18:2:18:3":0,"s:19:2:26:Infinity":5,"s:28:0:28:Infinity":6,"s:30:22:51:Infinity":7,"f:33:2:33:3":1,"s:34:2:50:Infinity":8,"s:52:0:52:Infinity":9,"s:54:21:55:Infinity":10,"f:54:21:54:22":2,"s:55:2:55:Infinity":11,"s:57:0:57:Infinity":12,"s:59:21:60:Infinity":13,"f:59:21:59:22":3,"s:60:2:60:Infinity":14,"s:62:0:62:Infinity":15,"s:64:20:73:Infinity":16,"f:67:2:67:3":4,"s:68:2:72:Infinity":17,"s:74:0:74:Infinity":18,"s:76:26:81:Infinity":19,"f:79:2:79:3":5,"s:80:2:80:Infinity":20,"s:82:0:82:Infinity":21}}}
,"D:\\FPT_Uni\\Semester9\\study-ticket-flow\\src\\components\\ui\\input.tsx": {"path":"D:\\FPT_Uni\\Semester9\\study-ticket-flow\\src\\components\\ui\\input.tsx","statementMap":{"0":{"start":{"line":5,"column":14},"end":{"line":19,"column":null}},"1":{"start":{"line":7,"column":4},"end":{"line":16,"column":null}},"2":{"start":{"line":20,"column":0},"end":{"line":20,"column":null}}},"fnMap":{"0":{"name":"(anonymous_0)","decl":{"start":{"line":6,"column":2},"end":{"line":6,"column":3}},"loc":{"start":{"line":6,"column":42},"end":{"line":18,"column":null}},"line":6}},"branchMap":{},"s":{"0":1,"1":88,"2":1},"f":{"0":88},"b":{},"meta":{"lastBranch":0,"lastFunction":1,"lastStatement":3,"seen":{"s:5:14:19:Infinity":0,"f:6:2:6:3":0,"s:7:4:16:Infinity":1,"s:20:0:20:Infinity":2}}}
,"D:\\FPT_Uni\\Semester9\\study-ticket-flow\\src\\components\\ui\\select.tsx": {"path":"D:\\FPT_Uni\\Semester9\\study-ticket-flow\\src\\components\\ui\\select.tsx","statementMap":{"0":{"start":{"line":7,"column":15},"end":{"line":7,"column":null}},"1":{"start":{"line":9,"column":20},"end":{"line":9,"column":null}},"2":{"start":{"line":11,"column":20},"end":{"line":11,"column":null}},"3":{"start":{"line":13,"column":22},"end":{"line":30,"column":null}},"4":{"start":{"line":17,"column":2},"end":{"line":29,"column":null}},"5":{"start":{"line":31,"column":0},"end":{"line":31,"column":null}},"6":{"start":{"line":33,"column":29},"end":{"line":44,"column":null}},"7":{"start":{"line":37,"column":2},"end":{"line":43,"column":null}},"8":{"start":{"line":45,"column":0},"end":{"line":45,"column":null}},"9":{"start":{"line":47,"column":31},"end":{"line":58,"column":null}},"10":{"start":{"line":51,"column":2},"end":{"line":57,"column":null}},"11":{"start":{"line":59,"column":0},"end":{"line":59,"column":null}},"12":{"start":{"line":61,"column":22},"end":{"line":90,"column":null}},"13":{"start":{"line":65,"column":2},"end":{"line":89,"column":null}},"14":{"start":{"line":91,"column":0},"end":{"line":91,"column":null}},"15":{"start":{"line":93,"column":20},"end":{"line":98,"column":null}},"16":{"start":{"line":97,"column":2},"end":{"line":97,"column":null}},"17":{"start":{"line":99,"column":0},"end":{"line":99,"column":null}},"18":{"start":{"line":101,"column":19},"end":{"line":121,"column":null}},"19":{"start":{"line":105,"column":2},"end":{"line":120,"column":null}},"20":{"start":{"line":122,"column":0},"end":{"line":122,"column":null}},"21":{"start":{"line":124,"column":24},"end":{"line":129,"column":null}},"22":{"start":{"line":128,"column":2},"end":{"line":128,"column":null}},"23":{"start":{"line":130,"column":0},"end":{"line":130,"column":null}}},"fnMap":{"0":{"name":"(anonymous_0)","decl":{"start":{"line":16,"column":2},"end":{"line":16,"column":3}},"loc":{"start":{"line":17,"column":2},"end":{"line":29,"column":null}},"line":17},"1":{"name":"(anonymous_1)","decl":{"start":{"line":36,"column":2},"end":{"line":36,"column":3}},"loc":{"start":{"line":37,"column":2},"end":{"line":43,"column":null}},"line":37},"2":{"name":"(anonymous_2)","decl":{"start":{"line":50,"column":2},"end":{"line":50,"column":3}},"loc":{"start":{"line":51,"column":2},"end":{"line":57,"column":null}},"line":51},"3":{"name":"(anonymous_3)","decl":{"start":{"line":64,"column":2},"end":{"line":64,"column":3}},"loc":{"start":{"line":65,"column":2},"end":{"line":89,"column":null}},"line":65},"4":{"name":"(anonymous_4)","decl":{"start":{"line":96,"column":2},"end":{"line":96,"column":3}},"loc":{"start":{"line":97,"column":2},"end":{"line":97,"column":null}},"line":97},"5":{"name":"(anonymous_5)","decl":{"start":{"line":104,"column":2},"end":{"line":104,"column":3}},"loc":{"start":{"line":105,"column":2},"end":{"line":120,"column":null}},"line":105},"6":{"name":"(anonymous_6)","decl":{"start":{"line":127,"column":2},"end":{"line":127,"column":3}},"loc":{"start":{"line":128,"column":2},"end":{"line":128,"column":null}},"line":128}},"branchMap":{"0":{"loc":{"start":{"line":64,"column":26},"end":{"line":64,"column":47}},"type":"default-arg","locations":[{"start":{"line":64,"column":37},"end":{"line":64,"column":47}}],"line":64},"1":{"loc":{"start":{"line":70,"column":8},"end":{"line":71,"column":null}},"type":"binary-expr","locations":[{"start":{"line":70,"column":8},"end":{"line":70,"column":null}},{"start":{"line":71,"column":10},"end":{"line":71,"column":null}}],"line":70},"2":{"loc":{"start":{"line":81,"column":10},"end":{"line":82,"column":null}},"type":"binary-expr","locations":[{"start":{"line":81,"column":10},"end":{"line":81,"column":null}},{"start":{"line":82,"column":12},"end":{"line":82,"column":null}}],"line":81}},"s":{"0":1,"1":1,"2":1,"3":1,"4":22,"5":1,"6":1,"7":22,"8":1,"9":1,"10":22,"11":1,"12":1,"13":22,"14":1,"15":1,"16":0,"17":1,"18":1,"19":176,"20":1,"21":1,"22":0,"23":1},"f":{"0":22,"1":22,"2":22,"3":22,"4":0,"5":176,"6":0},"b":{"0":[22],"1":[22,22],"2":[22,22]},"meta":{"lastBranch":3,"lastFunction":7,"lastStatement":24,"seen":{"s:7:15:7:Infinity":0,"s:9:20:9:Infinity":1,"s:11:20:11:Infinity":2,"s:13:22:30:Infinity":3,"f:16:2:16:3":0,"s:17:2:29:Infinity":4,"s:31:0:31:Infinity":5,"s:33:29:44:Infinity":6,"f:36:2:36:3":1,"s:37:2:43:Infinity":7,"s:45:0:45:Infinity":8,"s:47:31:58:Infinity":9,"f:50:2:50:3":2,"s:51:2:57:Infinity":10,"s:59:0:59:Infinity":11,"s:61:22:90:Infinity":12,"f:64:2:64:3":3,"s:65:2:89:Infinity":13,"b:64:37:64:47":0,"b:70:8:70:Infinity:71:10:71:Infinity":1,"b:81:10:81:Infinity:82:12:82:Infinity":2,"s:91:0:91:Infinity":14,"s:93:20:98:Infinity":15,"f:96:2:96:3":4,"s:97:2:97:Infinity":16,"s:99:0:99:Infinity":17,"s:101:19:121:Infinity":18,"f:104:2:104:3":5,"s:105:2:120:Infinity":19,"s:122:0:122:Infinity":20,"s:124:24:129:Infinity":21,"f:127:2:127:3":6,"s:128:2:128:Infinity":22,"s:130:0:130:Infinity":23}}}
,"D:\\FPT_Uni\\Semester9\\study-ticket-flow\\src\\components\\ui\\tabs.tsx": {"path":"D:\\FPT_Uni\\Semester9\\study-ticket-flow\\src\\components\\ui\\tabs.tsx","statementMap":{"0":{"start":{"line":6,"column":13},"end":{"line":6,"column":null}},"1":{"start":{"line":8,"column":17},"end":{"line":20,"column":null}},"2":{"start":{"line":12,"column":2},"end":{"line":19,"column":null}},"3":{"start":{"line":21,"column":0},"end":{"line":21,"column":null}},"4":{"start":{"line":23,"column":20},"end":{"line":35,"column":null}},"5":{"start":{"line":27,"column":2},"end":{"line":34,"column":null}},"6":{"start":{"line":36,"column":0},"end":{"line":36,"column":null}},"7":{"start":{"line":38,"column":20},"end":{"line":50,"column":null}},"8":{"start":{"line":42,"column":2},"end":{"line":49,"column":null}},"9":{"start":{"line":51,"column":0},"end":{"line":51,"column":null}}},"fnMap":{"0":{"name":"(anonymous_0)","decl":{"start":{"line":11,"column":2},"end":{"line":11,"column":3}},"loc":{"start":{"line":12,"column":2},"end":{"line":19,"column":null}},"line":12},"1":{"name":"(anonymous_1)","decl":{"start":{"line":26,"column":2},"end":{"line":26,"column":3}},"loc":{"start":{"line":27,"column":2},"end":{"line":34,"column":null}},"line":27},"2":{"name":"(anonymous_2)","decl":{"start":{"line":41,"column":2},"end":{"line":41,"column":3}},"loc":{"start":{"line":42,"column":2},"end":{"line":49,"column":null}},"line":42}},"branchMap":{},"s":{"0":1,"1":1,"2":1065,"3":1,"4":1,"5":4260,"6":1,"7":1,"8":4261,"9":1},"f":{"0":1065,"1":4260,"2":4261},"b":{},"meta":{"lastBranch":0,"lastFunction":3,"lastStatement":10,"seen":{"s:6:13:6:Infinity":0,"s:8:17:20:Infinity":1,"f:11:2:11:3":0,"s:12:2:19:Infinity":2,"s:21:0:21:Infinity":3,"s:23:20:35:Infinity":4,"f:26:2:26:3":1,"s:27:2:34:Infinity":5,"s:36:0:36:Infinity":6,"s:38:20:50:Infinity":7,"f:41:2:41:3":2,"s:42:2:49:Infinity":8,"s:51:0:51:Infinity":9}}}
,"D:\\FPT_Uni\\Semester9\\study-ticket-flow\\src\\lib\\utils.ts": {"path":"D:\\FPT_Uni\\Semester9\\study-ticket-flow\\src\\lib\\utils.ts","statementMap":{"0":{"start":{"line":5,"column":2},"end":{"line":5,"column":null}}},"fnMap":{"0":{"name":"cn","decl":{"start":{"line":4,"column":16},"end":{"line":4,"column":22}},"loc":{"start":{"line":4,"column":44},"end":{"line":6,"column":null}},"line":4}},"branchMap":{},"s":{"0":40819},"f":{"0":40819},"b":{},"meta":{"lastBranch":0,"lastFunction":1,"lastStatement":1,"seen":{"f:4:16:4:22":0,"s:5:2:5:Infinity":0}}}
,"D:\\FPT_Uni\\Semester9\\study-ticket-flow\\src\\services\\ticketService.ts": {"path":"D:\\FPT_Uni\\Semester9\\study-ticket-flow\\src\\services\\ticketService.ts","statementMap":{"0":{"start":{"line":41,"column":4},"end":{"line":68,"column":null}},"1":{"start":{"line":42,"column":30},"end":{"line":48,"column":null}},"2":{"start":{"line":50,"column":6},"end":{"line":53,"column":null}},"3":{"start":{"line":51,"column":8},"end":{"line":51,"column":null}},"4":{"start":{"line":52,"column":8},"end":{"line":52,"column":null}},"5":{"start":{"line":55,"column":6},"end":{"line":55,"column":null}},"6":{"start":{"line":55,"column":17},"end":{"line":55,"column":null}},"7":{"start":{"line":58,"column":41},"end":{"line":62,"column":null}},"8":{"start":{"line":64,"column":6},"end":{"line":64,"column":null}},"9":{"start":{"line":66,"column":6},"end":{"line":66,"column":null}},"10":{"start":{"line":67,"column":6},"end":{"line":67,"column":null}},"11":{"start":{"line":78,"column":4},"end":{"line":110,"column":null}},"12":{"start":{"line":80,"column":25},"end":{"line":80,"column":null}},"13":{"start":{"line":81,"column":6},"end":{"line":83,"column":null}},"14":{"start":{"line":82,"column":8},"end":{"line":82,"column":null}},"15":{"start":{"line":86,"column":28},"end":{"line":86,"column":null}},"16":{"start":{"line":89,"column":30},"end":{"line":100,"column":null}},"17":{"start":{"line":102,"column":6},"end":{"line":104,"column":null}},"18":{"start":{"line":103,"column":8},"end":{"line":103,"column":null}},"19":{"start":{"line":106,"column":6},"end":{"line":106,"column":null}},"20":{"start":{"line":108,"column":6},"end":{"line":108,"column":null}},"21":{"start":{"line":109,"column":6},"end":{"line":109,"column":null}},"22":{"start":{"line":117,"column":29},"end":{"line":117,"column":null}},"23":{"start":{"line":119,"column":4},"end":{"line":121,"column":null}},"24":{"start":{"line":120,"column":6},"end":{"line":120,"column":null}},"25":{"start":{"line":123,"column":4},"end":{"line":125,"column":null}},"26":{"start":{"line":124,"column":6},"end":{"line":124,"column":null}},"27":{"start":{"line":128,"column":4},"end":{"line":130,"column":null}},"28":{"start":{"line":129,"column":6},"end":{"line":129,"column":null}},"29":{"start":{"line":132,"column":4},"end":{"line":134,"column":null}},"30":{"start":{"line":133,"column":6},"end":{"line":133,"column":null}},"31":{"start":{"line":136,"column":4},"end":{"line":138,"column":null}},"32":{"start":{"line":137,"column":6},"end":{"line":137,"column":null}},"33":{"start":{"line":140,"column":4},"end":{"line":143,"column":null}}},"fnMap":{"0":{"name":"(anonymous_0)","decl":{"start":{"line":40,"column":15},"end":{"line":40,"column":38}},"loc":{"start":{"line":40,"column":96},"end":{"line":69,"column":null}},"line":40},"1":{"name":"(anonymous_1)","decl":{"start":{"line":74,"column":15},"end":{"line":74,"column":null}},"loc":{"start":{"line":77,"column":28},"end":{"line":111,"column":null}},"line":77},"2":{"name":"(anonymous_2)","decl":{"start":{"line":116,"column":9},"end":{"line":116,"column":28}},"loc":{"start":{"line":116,"column":94},"end":{"line":144,"column":null}},"line":116}},"branchMap":{"0":{"loc":{"start":{"line":50,"column":6},"end":{"line":53,"column":null}},"type":"if","locations":[{"start":{"line":50,"column":6},"end":{"line":53,"column":null}},{"start":{},"end":{}}],"line":50},"1":{"loc":{"start":{"line":55,"column":6},"end":{"line":55,"column":null}},"type":"if","locations":[{"start":{"line":55,"column":6},"end":{"line":55,"column":null}},{"start":{},"end":{}}],"line":55},"2":{"loc":{"start":{"line":81,"column":6},"end":{"line":83,"column":null}},"type":"if","locations":[{"start":{"line":81,"column":6},"end":{"line":83,"column":null}},{"start":{},"end":{}}],"line":81},"3":{"loc":{"start":{"line":97,"column":33},"end":{"line":97,"column":null}},"type":"binary-expr","locations":[{"start":{"line":97,"column":33},"end":{"line":97,"column":70}},{"start":{"line":97,"column":70},"end":{"line":97,"column":null}}],"line":97},"4":{"loc":{"start":{"line":102,"column":6},"end":{"line":104,"column":null}},"type":"if","locations":[{"start":{"line":102,"column":6},"end":{"line":104,"column":null}},{"start":{},"end":{}}],"line":102},"5":{"loc":{"start":{"line":103,"column":24},"end":{"line":103,"column":66}},"type":"binary-expr","locations":[{"start":{"line":103,"column":24},"end":{"line":103,"column":41}},{"start":{"line":103,"column":41},"end":{"line":103,"column":66}}],"line":103},"6":{"loc":{"start":{"line":109,"column":22},"end":{"line":109,"column":64}},"type":"binary-expr","locations":[{"start":{"line":109,"column":22},"end":{"line":109,"column":39}},{"start":{"line":109,"column":39},"end":{"line":109,"column":64}}],"line":109},"7":{"loc":{"start":{"line":119,"column":4},"end":{"line":121,"column":null}},"type":"if","locations":[{"start":{"line":119,"column":4},"end":{"line":121,"column":null}},{"start":{},"end":{}}],"line":119},"8":{"loc":{"start":{"line":123,"column":4},"end":{"line":125,"column":null}},"type":"if","locations":[{"start":{"line":123,"column":4},"end":{"line":125,"column":null}},{"start":{},"end":{}}],"line":123},"9":{"loc":{"start":{"line":128,"column":4},"end":{"line":130,"column":null}},"type":"if","locations":[{"start":{"line":128,"column":4},"end":{"line":130,"column":null}},{"start":{},"end":{}}],"line":128},"10":{"loc":{"start":{"line":132,"column":4},"end":{"line":134,"column":null}},"type":"if","locations":[{"start":{"line":132,"column":4},"end":{"line":134,"column":null}},{"start":{},"end":{}}],"line":132},"11":{"loc":{"start":{"line":136,"column":4},"end":{"line":138,"column":null}},"type":"if","locations":[{"start":{"line":136,"column":4},"end":{"line":138,"column":null}},{"start":{},"end":{}}],"line":136}},"s":{"0":38,"1":38,"2":28,"3":4,"4":4,"5":24,"6":12,"7":12,"8":12,"9":10,"10":10,"11":29,"12":29,"13":29,"14":9,"15":20,"16":20,"17":18,"18":6,"19":12,"20":17,"21":17,"22":40,"23":40,"24":7,"25":40,"26":3,"27":40,"28":6,"29":40,"30":3,"31":40,"32":2,"33":40},"f":{"0":3,"1":3,"2":3},"b":{"0":[4,24],"1":[12,12],"2":[9,20],"3":[20,17],"4":[6,12],"5":[6,0],"6":[17,0],"7":[7,33],"8":[3,37],"9":[6,34],"10":[3,37],"11":[2,38]},"meta":{"lastBranch":12,"lastFunction":3,"lastStatement":34,"seen":{"f:40:15:40:38":0,"s:41:4:68:Infinity":0,"s:42:30:48:Infinity":1,"b:50:6:53:Infinity:undefined:undefined:undefined:undefined":0,"s:50:6:53:Infinity":2,"s:51:8:51:Infinity":3,"s:52:8:52:Infinity":4,"b:55:6:55:Infinity:undefined:undefined:undefined:undefined":1,"s:55:6:55:Infinity":5,"s:55:17:55:Infinity":6,"s:58:41:62:Infinity":7,"s:64:6:64:Infinity":8,"s:66:6:66:Infinity":9,"s:67:6:67:Infinity":10,"f:74:15:74:Infinity":1,"s:78:4:110:Infinity":11,"s:80:25:80:Infinity":12,"b:81:6:83:Infinity:undefined:undefined:undefined:undefined":2,"s:81:6:83:Infinity":13,"s:82:8:82:Infinity":14,"s:86:28:86:Infinity":15,"s:89:30:100:Infinity":16,"b:97:33:97:70:97:70:97:Infinity":3,"b:102:6:104:Infinity:undefined:undefined:undefined:undefined":4,"s:102:6:104:Infinity":17,"s:103:8:103:Infinity":18,"b:103:24:103:41:103:41:103:66":5,"s:106:6:106:Infinity":19,"s:108:6:108:Infinity":20,"s:109:6:109:Infinity":21,"b:109:22:109:39:109:39:109:64":6,"f:116:9:116:28":2,"s:117:29:117:Infinity":22,"b:119:4:121:Infinity:undefined:undefined:undefined:undefined":7,"s:119:4:121:Infinity":23,"s:120:6:120:Infinity":24,"b:123:4:125:Infinity:undefined:undefined:undefined:undefined":8,"s:123:4:125:Infinity":25,"s:124:6:124:Infinity":26,"b:128:4:130:Infinity:undefined:undefined:undefined:undefined":9,"s:128:4:130:Infinity":27,"s:129:6:129:Infinity":28,"b:132:4:134:Infinity:undefined:undefined:undefined:undefined":10,"s:132:4:134:Infinity":29,"s:133:6:133:Infinity":30,"b:136:4:138:Infinity:undefined:undefined:undefined:undefined":11,"s:136:4:138:Infinity":31,"s:137:6:137:Infinity":32,"s:140:4:143:Infinity":33}}}
}
